<?xml version="1.0" encoding="UTF-8"?>
<coverage generated="1538646280685" clover="3.2.0">
  <project timestamp="1538646280685" name="All files">
    <metrics statements="129" coveredstatements="60" conditionals="26" coveredconditionals="12" methods="50" coveredmethods="22" elements="205" coveredelements="94" complexity="0" loc="129" ncloc="129" packages="4" files="14" classes="14">
      <package name="it2810-webutvikling-h18-prosjekt-3-50">
        <metrics statements="19" coveredstatements="0" conditionals="0" coveredconditionals="0" methods="0" coveredmethods="0"/>
        <file name="App.js" path="/mnt/f/Koding/NTNU/it2810-webutvikling-h18-prosjekt-3-50/App.js">
          <metrics statements="16" coveredstatements="0" conditionals="0" coveredconditionals="0" methods="0" coveredmethods="0"/>
          <line num="1" count="0" type="stmt"/>
          <line num="2" count="0" type="stmt"/>
          <line num="3" count="0" type="stmt"/>
          <line num="4" count="0" type="stmt"/>
          <line num="5" count="0" type="stmt"/>
          <line num="7" count="0" type="stmt"/>
          <line num="8" count="0" type="stmt"/>
          <line num="9" count="0" type="stmt"/>
          <line num="10" count="0" type="stmt"/>
          <line num="12" count="0" type="stmt"/>
          <line num="13" count="0" type="stmt"/>
          <line num="14" count="0" type="stmt"/>
          <line num="16" count="0" type="stmt"/>
          <line num="23" count="0" type="stmt"/>
          <line num="27" count="0" type="stmt"/>
          <line num="39" count="0" type="stmt"/>
        </file>
        <file name="store.js" path="/mnt/f/Koding/NTNU/it2810-webutvikling-h18-prosjekt-3-50/store.js">
          <metrics statements="3" coveredstatements="0" conditionals="0" coveredconditionals="0" methods="0" coveredmethods="0"/>
          <line num="4" count="0" type="stmt"/>
          <line num="5" count="0" type="stmt"/>
          <line num="7" count="0" type="stmt"/>
        </file>
      </package>
      <package name="it2810-webutvikling-h18-prosjekt-3-50.actions">
        <metrics statements="5" coveredstatements="0" conditionals="2" coveredconditionals="0" methods="2" coveredmethods="0"/>
        <file name="UserActions.js" path="/mnt/f/Koding/NTNU/it2810-webutvikling-h18-prosjekt-3-50/actions/UserActions.js">
          <metrics statements="3" coveredstatements="0" conditionals="0" coveredconditionals="0" methods="1" coveredmethods="0"/>
          <line num="1" count="0" type="stmt"/>
          <line num="5" count="0" type="stmt"/>
          <line num="6" count="0" type="stmt"/>
        </file>
        <file name="index.js" path="/mnt/f/Koding/NTNU/it2810-webutvikling-h18-prosjekt-3-50/actions/index.js">
          <metrics statements="1" coveredstatements="0" conditionals="2" coveredconditionals="0" methods="1" coveredmethods="0"/>
          <line num="1" count="0" type="cond" truecount="0" falsecount="2"/>
        </file>
        <file name="types.js" path="/mnt/f/Koding/NTNU/it2810-webutvikling-h18-prosjekt-3-50/actions/types.js">
          <metrics statements="1" coveredstatements="0" conditionals="0" coveredconditionals="0" methods="0" coveredmethods="0"/>
          <line num="1" count="0" type="stmt"/>
        </file>
      </package>
      <package name="it2810-webutvikling-h18-prosjekt-3-50.reducers">
        <metrics statements="15" coveredstatements="0" conditionals="6" coveredconditionals="0" methods="1" coveredmethods="0"/>
        <file name="UserReducer.js" path="/mnt/f/Koding/NTNU/it2810-webutvikling-h18-prosjekt-3-50/reducers/UserReducer.js">
          <metrics statements="13" coveredstatements="0" conditionals="6" coveredconditionals="0" methods="1" coveredmethods="0"/>
          <line num="1" count="0" type="stmt"/>
          <line num="5" count="0" type="stmt"/>
          <line num="29" count="0" type="stmt"/>
          <line num="30" count="0" type="stmt"/>
          <line num="31" count="0" type="stmt"/>
          <line num="39" count="0" type="cond" truecount="0" falsecount="4"/>
          <line num="40" count="0" type="stmt"/>
          <line num="41" count="0" type="cond" truecount="0" falsecount="2"/>
          <line num="42" count="0" type="stmt"/>
          <line num="43" count="0" type="stmt"/>
          <line num="44" count="0" type="stmt"/>
          <line num="45" count="0" type="stmt"/>
          <line num="47" count="0" type="stmt"/>
        </file>
        <file name="index.js" path="/mnt/f/Koding/NTNU/it2810-webutvikling-h18-prosjekt-3-50/reducers/index.js">
          <metrics statements="2" coveredstatements="0" conditionals="0" coveredconditionals="0" methods="0" coveredmethods="0"/>
          <line num="1" count="0" type="stmt"/>
          <line num="2" count="0" type="stmt"/>
        </file>
      </package>
      <package name="it2810-webutvikling-h18-prosjekt-3-50.src.components">
        <metrics statements="90" coveredstatements="60" conditionals="18" coveredconditionals="12" methods="47" coveredmethods="22"/>
        <file name="AddExercise.js" path="/mnt/f/Koding/NTNU/it2810-webutvikling-h18-prosjekt-3-50/src/components/AddExercise.js">
          <metrics statements="22" coveredstatements="13" conditionals="8" coveredconditionals="5" methods="9" coveredmethods="3"/>
          <line num="11" count="2" type="stmt"/>
          <line num="12" count="2" type="stmt"/>
          <line num="19" count="2" type="stmt"/>
          <line num="20" count="2" type="stmt"/>
          <line num="21" count="2" type="stmt"/>
          <line num="27" count="0" type="cond" truecount="0" falsecount="2"/>
          <line num="28" count="0" type="stmt"/>
          <line num="34" count="4" type="cond" truecount="1" falsecount="1"/>
          <line num="35" count="4" type="cond" truecount="4" falsecount="0"/>
          <line num="36" count="3" type="stmt"/>
          <line num="37" count="3" type="stmt"/>
          <line num="39" count="1" type="stmt"/>
          <line num="40" count="1" type="stmt"/>
          <line num="43" count="0" type="stmt"/>
          <line num="44" count="0" type="stmt"/>
          <line num="50" count="0" type="stmt"/>
          <line num="59" count="2" type="stmt"/>
          <line num="66" count="0" type="stmt"/>
          <line num="86" count="0" type="stmt"/>
          <line num="101" count="0" type="stmt"/>
          <line num="117" count="0" type="stmt"/>
          <line num="143" count="3" type="stmt"/>
        </file>
        <file name="CalendarView.js" path="/mnt/f/Koding/NTNU/it2810-webutvikling-h18-prosjekt-3-50/src/components/CalendarView.js">
          <metrics statements="7" coveredstatements="4" conditionals="0" coveredconditionals="0" methods="4" coveredmethods="1"/>
          <line num="7" count="0" type="stmt"/>
          <line num="11" count="0" type="stmt"/>
          <line num="15" count="1" type="stmt"/>
          <line num="16" count="1" type="stmt"/>
          <line num="17" count="1" type="stmt"/>
          <line num="19" count="1" type="stmt"/>
          <line num="23" count="0" type="stmt"/>
        </file>
        <file name="ContactList.js" path="/mnt/f/Koding/NTNU/it2810-webutvikling-h18-prosjekt-3-50/src/components/ContactList.js">
          <metrics statements="16" coveredstatements="14" conditionals="2" coveredconditionals="1" methods="11" coveredmethods="9"/>
          <line num="5" count="3" type="stmt"/>
          <line num="10" count="4" type="stmt"/>
          <line num="11" count="4" type="stmt"/>
          <line num="16" count="4" type="stmt"/>
          <line num="17" count="4" type="stmt"/>
          <line num="22" count="0" type="stmt"/>
          <line num="27" count="1" type="stmt"/>
          <line num="28" count="2" type="stmt"/>
          <line num="33" count="2" type="cond" truecount="1" falsecount="1"/>
          <line num="34" count="2" type="stmt"/>
          <line num="42" count="68" type="stmt"/>
          <line num="46" count="12" type="stmt"/>
          <line num="50" count="12" type="stmt"/>
          <line num="51" count="39" type="stmt"/>
          <line num="54" count="12" type="stmt"/>
          <line num="66" count="0" type="stmt"/>
        </file>
        <file name="CreateSession.js" path="/mnt/f/Koding/NTNU/it2810-webutvikling-h18-prosjekt-3-50/src/components/CreateSession.js">
          <metrics statements="25" coveredstatements="19" conditionals="8" coveredconditionals="6" methods="8" coveredmethods="3"/>
          <line num="11" count="2" type="stmt"/>
          <line num="19" count="5" type="stmt"/>
          <line num="20" count="5" type="stmt"/>
          <line num="28" count="5" type="stmt"/>
          <line num="29" count="5" type="stmt"/>
          <line num="30" count="5" type="stmt"/>
          <line num="34" count="0" type="stmt"/>
          <line num="38" count="0" type="cond" truecount="0" falsecount="2"/>
          <line num="41" count="0" type="stmt"/>
          <line num="46" count="4" type="cond" truecount="2" falsecount="0"/>
          <line num="47" count="3" type="cond" truecount="2" falsecount="0"/>
          <line num="48" count="1" type="stmt"/>
          <line num="49" count="1" type="stmt"/>
          <line num="51" count="2" type="cond" truecount="2" falsecount="0"/>
          <line num="52" count="1" type="stmt"/>
          <line num="53" count="1" type="stmt"/>
          <line num="55" count="1" type="stmt"/>
          <line num="59" count="1" type="stmt"/>
          <line num="60" count="1" type="stmt"/>
          <line num="65" count="0" type="stmt"/>
          <line num="78" count="5" type="stmt"/>
          <line num="80" count="5" type="stmt"/>
          <line num="86" count="0" type="stmt"/>
          <line num="96" count="0" type="stmt"/>
          <line num="123" count="2" type="stmt"/>
        </file>
        <file name="ExerciseList.js" path="/mnt/f/Koding/NTNU/it2810-webutvikling-h18-prosjekt-3-50/src/components/ExerciseList.js">
          <metrics statements="11" coveredstatements="8" conditionals="0" coveredconditionals="0" methods="8" coveredmethods="5"/>
          <line num="9" count="3" type="stmt"/>
          <line num="10" count="3" type="stmt"/>
          <line num="19" count="3" type="stmt"/>
          <line num="20" count="3" type="stmt"/>
          <line num="25" count="1" type="stmt"/>
          <line num="26" count="4" type="stmt"/>
          <line num="29" count="1" type="stmt"/>
          <line num="33" count="0" type="stmt"/>
          <line num="41" count="0" type="stmt"/>
          <line num="46" count="5" type="stmt"/>
          <line num="65" count="0" type="stmt"/>
        </file>
        <file name="ExerciseListEl.js" path="/mnt/f/Koding/NTNU/it2810-webutvikling-h18-prosjekt-3-50/src/components/ExerciseListEl.js">
          <metrics statements="6" coveredstatements="0" conditionals="0" coveredconditionals="0" methods="5" coveredmethods="0"/>
          <line num="9" count="0" type="stmt"/>
          <line num="11" count="0" type="stmt"/>
          <line num="16" count="0" type="stmt"/>
          <line num="24" count="0" type="stmt"/>
          <line num="27" count="0" type="stmt"/>
          <line num="32" count="0" type="stmt"/>
        </file>
        <file name="Home.js" path="/mnt/f/Koding/NTNU/it2810-webutvikling-h18-prosjekt-3-50/src/components/Home.js">
          <metrics statements="3" coveredstatements="2" conditionals="0" coveredconditionals="0" methods="2" coveredmethods="1"/>
          <line num="14" count="1" type="stmt"/>
          <line num="16" count="1" type="stmt"/>
          <line num="23" count="0" type="stmt"/>
        </file>
      </package>
    </metrics>
  </project>
</coverage>
