<?xml version="1.0" encoding="UTF-8"?>
<coverage generated="1539508683500" clover="3.2.0">
  <project timestamp="1539508683500" name="All files">
    <metrics statements="228" coveredstatements="161" conditionals="58" coveredconditionals="42" methods="92" coveredmethods="52" elements="378" coveredelements="255" complexity="0" loc="228" ncloc="228" packages="6" files="21" classes="21">
      <package name="it2810-webutvikling-h18-prosjekt-3-50">
        <metrics statements="10" coveredstatements="9" conditionals="2" coveredconditionals="2" methods="3" coveredmethods="3"/>
        <file name=".eslintrc.js" path="/mnt/f/Koding/NTNU/it2810-webutvikling-h18-prosjekt-3-50/.eslintrc.js">
          <metrics statements="1" coveredstatements="0" conditionals="0" coveredconditionals="0" methods="0" coveredmethods="0"/>
          <line num="1" count="0" type="stmt"/>
        </file>
        <file name="App.js" path="/mnt/f/Koding/NTNU/it2810-webutvikling-h18-prosjekt-3-50/App.js">
          <metrics statements="8" coveredstatements="8" conditionals="2" coveredconditionals="2" methods="3" coveredmethods="3"/>
          <line num="17" count="1" type="stmt"/>
          <line num="18" count="1" type="stmt"/>
          <line num="23" count="1" type="stmt"/>
          <line num="27" count="1" type="stmt"/>
          <line num="31" count="2" type="cond" truecount="2" falsecount="0"/>
          <line num="32" count="1" type="stmt"/>
          <line num="34" count="1" type="stmt"/>
          <line num="46" count="1" type="stmt"/>
        </file>
        <file name="store.js" path="/mnt/f/Koding/NTNU/it2810-webutvikling-h18-prosjekt-3-50/store.js">
          <metrics statements="1" coveredstatements="1" conditionals="0" coveredconditionals="0" methods="0" coveredmethods="0"/>
          <line num="7" count="1" type="stmt"/>
        </file>
      </package>
      <package name="it2810-webutvikling-h18-prosjekt-3-50.actions">
        <metrics statements="12" coveredstatements="11" conditionals="0" coveredconditionals="0" methods="4" coveredmethods="3"/>
        <file name="UserActions.js" path="/mnt/f/Koding/NTNU/it2810-webutvikling-h18-prosjekt-3-50/actions/UserActions.js">
          <metrics statements="2" coveredstatements="1" conditionals="0" coveredconditionals="0" methods="1" coveredmethods="0"/>
          <line num="5" count="5" type="stmt"/>
          <line num="6" count="0" type="stmt"/>
        </file>
        <file name="index.js" path="/mnt/f/Koding/NTNU/it2810-webutvikling-h18-prosjekt-3-50/actions/index.js">
          <metrics statements="0" coveredstatements="0" conditionals="0" coveredconditionals="0" methods="0" coveredmethods="0"/>
        </file>
        <file name="sessions.js" path="/mnt/f/Koding/NTNU/it2810-webutvikling-h18-prosjekt-3-50/actions/sessions.js">
          <metrics statements="6" coveredstatements="6" conditionals="0" coveredconditionals="0" methods="3" coveredmethods="3"/>
          <line num="3" count="6" type="stmt"/>
          <line num="4" count="1" type="stmt"/>
          <line num="10" count="6" type="stmt"/>
          <line num="11" count="1" type="stmt"/>
          <line num="17" count="6" type="stmt"/>
          <line num="18" count="1" type="stmt"/>
        </file>
        <file name="types.js" path="/mnt/f/Koding/NTNU/it2810-webutvikling-h18-prosjekt-3-50/actions/types.js">
          <metrics statements="4" coveredstatements="4" conditionals="0" coveredconditionals="0" methods="0" coveredmethods="0"/>
          <line num="1" count="7" type="stmt"/>
          <line num="3" count="7" type="stmt"/>
          <line num="4" count="7" type="stmt"/>
          <line num="6" count="7" type="stmt"/>
        </file>
      </package>
      <package name="it2810-webutvikling-h18-prosjekt-3-50.reducers">
        <metrics statements="28" coveredstatements="14" conditionals="8" coveredconditionals="4" methods="8" coveredmethods="4"/>
        <file name="UserReducer.js" path="/mnt/f/Koding/NTNU/it2810-webutvikling-h18-prosjekt-3-50/reducers/UserReducer.js">
          <metrics statements="10" coveredstatements="2" conditionals="3" coveredconditionals="0" methods="2" coveredmethods="0"/>
          <line num="5" count="1" type="stmt"/>
          <line num="29" count="1" type="stmt"/>
          <line num="30" count="0" type="stmt"/>
          <line num="31" count="0" type="stmt"/>
          <line num="40" count="0" type="cond" truecount="0" falsecount="2"/>
          <line num="42" count="0" type="stmt"/>
          <line num="43" count="0" type="stmt"/>
          <line num="44" count="0" type="stmt"/>
          <line num="45" count="0" type="stmt"/>
          <line num="47" count="0" type="stmt"/>
        </file>
        <file name="index.js" path="/mnt/f/Koding/NTNU/it2810-webutvikling-h18-prosjekt-3-50/reducers/index.js">
          <metrics statements="0" coveredstatements="0" conditionals="0" coveredconditionals="0" methods="0" coveredmethods="0"/>
        </file>
        <file name="sessions.js" path="/mnt/f/Koding/NTNU/it2810-webutvikling-h18-prosjekt-3-50/reducers/sessions.js">
          <metrics statements="18" coveredstatements="12" conditionals="5" coveredconditionals="4" methods="6" coveredmethods="4"/>
          <line num="6" count="2" type="stmt"/>
          <line num="8" count="2" type="stmt"/>
          <line num="10" count="2" type="stmt"/>
          <line num="13" count="2" type="stmt"/>
          <line num="14" count="2" type="stmt"/>
          <line num="15" count="2" type="stmt"/>
          <line num="18" count="2" type="stmt"/>
          <line num="19" count="0" type="stmt"/>
          <line num="20" count="0" type="stmt"/>
          <line num="21" count="0" type="stmt"/>
          <line num="22" count="0" type="stmt"/>
          <line num="24" count="0" type="stmt"/>
          <line num="29" count="8" type="stmt"/>
          <line num="30" count="8" type="cond" truecount="3" falsecount="1"/>
          <line num="32" count="2" type="stmt"/>
          <line num="34" count="2" type="stmt"/>
          <line num="36" count="0" type="stmt"/>
          <line num="38" count="4" type="stmt"/>
        </file>
      </package>
      <package name="it2810-webutvikling-h18-prosjekt-3-50.src">
        <metrics statements="8" coveredstatements="8" conditionals="10" coveredconditionals="10" methods="1" coveredmethods="1"/>
        <file name="testUtils.js" path="/mnt/f/Koding/NTNU/it2810-webutvikling-h18-prosjekt-3-50/src/testUtils.js">
          <metrics statements="8" coveredstatements="8" conditionals="10" coveredconditionals="10" methods="1" coveredmethods="1"/>
          <line num="2" count="153" type="cond" truecount="4" falsecount="0"/>
          <line num="3" count="15" type="stmt"/>
          <line num="5" count="138" type="cond" truecount="4" falsecount="0"/>
          <line num="6" count="91" type="stmt"/>
          <line num="7" count="91" type="stmt"/>
          <line num="8" count="138" type="stmt"/>
          <line num="9" count="138" type="cond" truecount="2" falsecount="0"/>
          <line num="10" count="36" type="stmt"/>
        </file>
      </package>
      <package name="it2810-webutvikling-h18-prosjekt-3-50.src.assets">
        <metrics statements="10" coveredstatements="2" conditionals="0" coveredconditionals="0" methods="5" coveredmethods="1"/>
        <file name="initial_state_mock.js" path="/mnt/f/Koding/NTNU/it2810-webutvikling-h18-prosjekt-3-50/src/assets/initial_state_mock.js">
          <metrics statements="0" coveredstatements="0" conditionals="0" coveredconditionals="0" methods="0" coveredmethods="0"/>
        </file>
        <file name="utils.js" path="/mnt/f/Koding/NTNU/it2810-webutvikling-h18-prosjekt-3-50/src/assets/utils.js">
          <metrics statements="10" coveredstatements="2" conditionals="0" coveredconditionals="0" methods="5" coveredmethods="1"/>
          <line num="4" count="0" type="stmt"/>
          <line num="5" count="0" type="stmt"/>
          <line num="6" count="0" type="stmt"/>
          <line num="7" count="0" type="stmt"/>
          <line num="9" count="0" type="stmt"/>
          <line num="14" count="0" type="stmt"/>
          <line num="15" count="0" type="stmt"/>
          <line num="19" count="2" type="stmt"/>
          <line num="20" count="2" type="stmt"/>
          <line num="24" count="0" type="stmt"/>
        </file>
      </package>
      <package name="it2810-webutvikling-h18-prosjekt-3-50.src.components">
        <metrics statements="160" coveredstatements="117" conditionals="38" coveredconditionals="26" methods="71" coveredmethods="40"/>
        <file name="AddExercise.js" path="/mnt/f/Koding/NTNU/it2810-webutvikling-h18-prosjekt-3-50/src/components/AddExercise.js">
          <metrics statements="25" coveredstatements="21" conditionals="8" coveredconditionals="7" methods="11" coveredmethods="8"/>
          <line num="15" count="13" type="stmt"/>
          <line num="16" count="13" type="stmt"/>
          <line num="23" count="13" type="stmt"/>
          <line num="24" count="13" type="stmt"/>
          <line num="25" count="13" type="stmt"/>
          <line num="30" count="2" type="stmt"/>
          <line num="31" count="2" type="cond" truecount="2" falsecount="0"/>
          <line num="32" count="1" type="stmt"/>
          <line num="33" count="1" type="stmt"/>
          <line num="38" count="4" type="cond" truecount="1" falsecount="1"/>
          <line num="39" count="4" type="cond" truecount="4" falsecount="0"/>
          <line num="40" count="3" type="stmt"/>
          <line num="41" count="3" type="stmt"/>
          <line num="43" count="1" type="stmt"/>
          <line num="46" count="0" type="stmt"/>
          <line num="47" count="0" type="stmt"/>
          <line num="52" count="0" type="stmt"/>
          <line num="61" count="18" type="stmt"/>
          <line num="68" count="1" type="stmt"/>
          <line num="89" count="1" type="stmt"/>
          <line num="108" count="1" type="stmt"/>
          <line num="126" count="1" type="stmt"/>
          <line num="150" count="2" type="stmt"/>
          <line num="151" count="0" type="stmt"/>
          <line num="156" count="2" type="stmt"/>
        </file>
        <file name="CalendarView.js" path="/mnt/f/Koding/NTNU/it2810-webutvikling-h18-prosjekt-3-50/src/components/CalendarView.js">
          <metrics statements="25" coveredstatements="23" conditionals="2" coveredconditionals="2" methods="9" coveredmethods="6"/>
          <line num="13" count="9" type="stmt"/>
          <line num="15" count="9" type="stmt"/>
          <line num="22" count="9" type="stmt"/>
          <line num="24" count="9" type="stmt"/>
          <line num="40" count="1" type="stmt"/>
          <line num="49" count="3" type="stmt"/>
          <line num="50" count="3" type="stmt"/>
          <line num="51" count="3" type="stmt"/>
          <line num="52" count="3" type="stmt"/>
          <line num="54" count="3" type="stmt"/>
          <line num="55" count="3" type="stmt"/>
          <line num="56" count="3" type="stmt"/>
          <line num="58" count="3" type="cond" truecount="2" falsecount="0"/>
          <line num="59" count="1" type="stmt"/>
          <line num="60" count="1" type="stmt"/>
          <line num="62" count="2" type="stmt"/>
          <line num="63" count="2" type="stmt"/>
          <line num="68" count="17" type="stmt"/>
          <line num="70" count="17" type="stmt"/>
          <line num="75" count="2" type="stmt"/>
          <line num="76" count="4" type="stmt"/>
          <line num="85" count="0" type="stmt"/>
          <line num="91" count="3" type="stmt"/>
          <line num="92" count="0" type="stmt"/>
          <line num="97" count="3" type="stmt"/>
        </file>
        <file name="ContactList.js" path="/mnt/f/Koding/NTNU/it2810-webutvikling-h18-prosjekt-3-50/src/components/ContactList.js">
          <metrics statements="16" coveredstatements="14" conditionals="2" coveredconditionals="1" methods="11" coveredmethods="9"/>
          <line num="5" count="4" type="stmt"/>
          <line num="10" count="4" type="stmt"/>
          <line num="11" count="4" type="stmt"/>
          <line num="16" count="4" type="stmt"/>
          <line num="17" count="4" type="stmt"/>
          <line num="22" count="0" type="stmt"/>
          <line num="27" count="1" type="stmt"/>
          <line num="28" count="2" type="stmt"/>
          <line num="33" count="2" type="cond" truecount="1" falsecount="1"/>
          <line num="34" count="2" type="stmt"/>
          <line num="42" count="68" type="stmt"/>
          <line num="46" count="12" type="stmt"/>
          <line num="50" count="12" type="stmt"/>
          <line num="51" count="39" type="stmt"/>
          <line num="54" count="12" type="stmt"/>
          <line num="66" count="0" type="stmt"/>
        </file>
        <file name="CreateSession.js" path="/mnt/f/Koding/NTNU/it2810-webutvikling-h18-prosjekt-3-50/src/components/CreateSession.js">
          <metrics statements="41" coveredstatements="33" conditionals="14" coveredconditionals="11" methods="12" coveredmethods="5"/>
          <line num="16" count="3" type="stmt"/>
          <line num="24" count="8" type="stmt"/>
          <line num="26" count="8" type="cond" truecount="1" falsecount="1"/>
          <line num="27" count="8" type="stmt"/>
          <line num="28" count="8" type="stmt"/>
          <line num="29" count="8" type="stmt"/>
          <line num="40" count="8" type="stmt"/>
          <line num="41" count="8" type="stmt"/>
          <line num="42" count="8" type="stmt"/>
          <line num="44" count="8" type="stmt"/>
          <line num="45" count="8" type="stmt"/>
          <line num="46" count="8" type="stmt"/>
          <line num="50" count="2" type="cond" truecount="2" falsecount="0"/>
          <line num="51" count="1" type="stmt"/>
          <line num="53" count="1" type="stmt"/>
          <line num="58" count="4" type="cond" truecount="2" falsecount="0"/>
          <line num="59" count="3" type="cond" truecount="2" falsecount="0"/>
          <line num="60" count="1" type="stmt"/>
          <line num="61" count="1" type="stmt"/>
          <line num="62" count="2" type="cond" truecount="2" falsecount="0"/>
          <line num="63" count="1" type="stmt"/>
          <line num="64" count="1" type="stmt"/>
          <line num="66" count="1" type="stmt"/>
          <line num="69" count="1" type="stmt"/>
          <line num="70" count="1" type="stmt"/>
          <line num="75" count="1" type="stmt"/>
          <line num="85" count="0" type="stmt"/>
          <line num="99" count="0" type="stmt"/>
          <line num="103" count="0" type="stmt"/>
          <line num="107" count="0" type="stmt"/>
          <line num="112" count="0" type="stmt"/>
          <line num="116" count="10" type="stmt"/>
          <line num="117" count="10" type="stmt"/>
          <line num="119" count="10" type="cond" truecount="1" falsecount="1"/>
          <line num="120" count="10" type="stmt"/>
          <line num="129" count="0" type="stmt"/>
          <line num="132" count="10" type="stmt"/>
          <line num="139" count="0" type="stmt"/>
          <line num="193" count="3" type="stmt"/>
          <line num="194" count="0" type="stmt"/>
          <line num="199" count="3" type="stmt"/>
        </file>
        <file name="ExerciseList.js" path="/mnt/f/Koding/NTNU/it2810-webutvikling-h18-prosjekt-3-50/src/components/ExerciseList.js">
          <metrics statements="9" coveredstatements="9" conditionals="0" coveredconditionals="0" methods="7" coveredmethods="7"/>
          <line num="9" count="4" type="stmt"/>
          <line num="10" count="4" type="stmt"/>
          <line num="19" count="4" type="stmt"/>
          <line num="25" count="1" type="stmt"/>
          <line num="26" count="4" type="stmt"/>
          <line num="32" count="1" type="stmt"/>
          <line num="36" count="7" type="stmt"/>
          <line num="57" count="27" type="stmt"/>
          <line num="82" count="4" type="stmt"/>
        </file>
        <file name="Home.js" path="/mnt/f/Koding/NTNU/it2810-webutvikling-h18-prosjekt-3-50/src/components/Home.js">
          <metrics statements="2" coveredstatements="2" conditionals="0" coveredconditionals="0" methods="2" coveredmethods="2"/>
          <line num="18" count="2" type="stmt"/>
          <line num="27" count="1" type="stmt"/>
        </file>
        <file name="PedometerSensor.js" path="/mnt/f/Koding/NTNU/it2810-webutvikling-h18-prosjekt-3-50/src/components/PedometerSensor.js">
          <metrics statements="26" coveredstatements="4" conditionals="6" coveredconditionals="0" methods="13" coveredmethods="0"/>
          <line num="7" count="2" type="stmt"/>
          <line num="15" count="2" type="stmt"/>
          <line num="16" count="2" type="stmt"/>
          <line num="21" count="0" type="stmt"/>
          <line num="22" count="0" type="stmt"/>
          <line num="35" count="0" type="stmt"/>
          <line num="39" count="0" type="stmt"/>
          <line num="43" count="0" type="stmt"/>
          <line num="44" count="0" type="stmt"/>
          <line num="50" count="0" type="stmt"/>
          <line num="52" count="0" type="stmt"/>
          <line num="57" count="0" type="stmt"/>
          <line num="63" count="0" type="stmt"/>
          <line num="64" count="0" type="stmt"/>
          <line num="65" count="0" type="stmt"/>
          <line num="66" count="0" type="stmt"/>
          <line num="68" count="0" type="stmt"/>
          <line num="74" count="0" type="stmt"/>
          <line num="82" count="0" type="cond" truecount="0" falsecount="2"/>
          <line num="83" count="0" type="stmt"/>
          <line num="87" count="0" type="cond" truecount="0" falsecount="2"/>
          <line num="88" count="0" type="stmt"/>
          <line num="101" count="0" type="stmt"/>
          <line num="109" count="0" type="stmt"/>
          <line num="124" count="0" type="stmt"/>
          <line num="135" count="2" type="stmt"/>
        </file>
        <file name="ShowSession.js" path="/mnt/f/Koding/NTNU/it2810-webutvikling-h18-prosjekt-3-50/src/components/ShowSession.js">
          <metrics statements="16" coveredstatements="11" conditionals="6" coveredconditionals="5" methods="6" coveredmethods="3"/>
          <line num="10" count="4" type="stmt"/>
          <line num="12" count="4" type="stmt"/>
          <line num="16" count="3" type="cond" truecount="2" falsecount="0"/>
          <line num="17" count="1" type="stmt"/>
          <line num="18" count="2" type="cond" truecount="2" falsecount="0"/>
          <line num="19" count="1" type="stmt"/>
          <line num="21" count="1" type="stmt"/>
          <line num="31" count="4" type="stmt"/>
          <line num="32" count="4" type="stmt"/>
          <line num="34" count="4" type="cond" truecount="1" falsecount="1"/>
          <line num="35" count="4" type="stmt"/>
          <line num="43" count="0" type="stmt"/>
          <line num="44" count="0" type="stmt"/>
          <line num="45" count="0" type="stmt"/>
          <line num="47" count="0" type="stmt"/>
          <line num="93" count="0" type="stmt"/>
        </file>
      </package>
    </metrics>
  </project>
</coverage>
