{"/mnt/f/Koding/NTNU/it2810-webutvikling-h18-prosjekt-3-50/.eslintrc.js": {"path":"/mnt/f/Koding/NTNU/it2810-webutvikling-h18-prosjekt-3-50/.eslintrc.js","statementMap":{"0":{"start":{"line":1,"column":0},"end":{"line":null,"column":-1}}},"fnMap":{},"branchMap":{},"s":{"0":0},"f":{},"b":{}}
,"/mnt/f/Koding/NTNU/it2810-webutvikling-h18-prosjekt-3-50/App.js": {"path":"/mnt/f/Koding/NTNU/it2810-webutvikling-h18-prosjekt-3-50/App.js","statementMap":{"0":{"start":{"line":18,"column":4},"end":{"line":18,"column":16}},"1":{"start":{"line":19,"column":4},"end":{"line":19,"column":34}},"2":{"start":{"line":24,"column":4},"end":{"line":27,"column":6}},"3":{"start":{"line":28,"column":4},"end":{"line":28,"column":37}},"4":{"start":{"line":32,"column":4},"end":{"line":34,"column":5}},"5":{"start":{"line":33,"column":6},"end":{"line":33,"column":32}},"6":{"start":{"line":35,"column":4},"end":{"line":43,"column":5}},"7":{"start":{"line":47,"column":18},"end":{"line":66,"column":1}}},"fnMap":{"0":{"name":"(anonymous_0)","decl":{"start":{"line":17,"column":2},"end":{"line":17,"column":3}},"loc":{"start":{"line":17,"column":22},"end":{"line":20,"column":3}},"line":17},"1":{"name":"(anonymous_1)","decl":{"start":{"line":22,"column":2},"end":{"line":22,"column":3}},"loc":{"start":{"line":22,"column":30},"end":{"line":29,"column":3}},"line":22},"2":{"name":"(anonymous_2)","decl":{"start":{"line":31,"column":2},"end":{"line":31,"column":3}},"loc":{"start":{"line":31,"column":12},"end":{"line":44,"column":3}},"line":31}},"branchMap":{"0":{"loc":{"start":{"line":32,"column":4},"end":{"line":34,"column":5}},"type":"if","locations":[{"start":{"line":32,"column":4},"end":{"line":34,"column":5}},{"start":{"line":32,"column":4},"end":{"line":34,"column":5}}],"line":32}},"s":{"0":1,"1":1,"2":1,"3":1,"4":2,"5":1,"6":1,"7":1},"f":{"0":1,"1":1,"2":2},"b":{"0":[1,1]},"_coverageSchema":"332fd63041d2c1bcb487cc26dd0d5f7d97098a6c","hash":"6bc90b9cedd2f80e2663bceefb9783a9020cdce3"}
,"/mnt/f/Koding/NTNU/it2810-webutvikling-h18-prosjekt-3-50/store.js": {"path":"/mnt/f/Koding/NTNU/it2810-webutvikling-h18-prosjekt-3-50/store.js","statementMap":{"0":{"start":{"line":7,"column":14},"end":{"line":9,"column":1}}},"fnMap":{},"branchMap":{},"s":{"0":1},"f":{},"b":{},"_coverageSchema":"332fd63041d2c1bcb487cc26dd0d5f7d97098a6c","hash":"0f8803b3469ed2bc72781635a2f951e4fd6d8a74"}
,"/mnt/f/Koding/NTNU/it2810-webutvikling-h18-prosjekt-3-50/actions/UserActions.js": {"path":"/mnt/f/Koding/NTNU/it2810-webutvikling-h18-prosjekt-3-50/actions/UserActions.js","statementMap":{"0":{"start":{"line":5,"column":51},"end":{"line":7,"column":1}},"1":{"start":{"line":6,"column":2},"end":{"line":6,"column":80}}},"fnMap":{"0":{"name":"(anonymous_0)","decl":{"start":{"line":5,"column":51},"end":{"line":5,"column":52}},"loc":{"start":{"line":5,"column":83},"end":{"line":7,"column":1}},"line":5}},"branchMap":{},"s":{"0":8,"1":0},"f":{"0":0},"b":{},"_coverageSchema":"332fd63041d2c1bcb487cc26dd0d5f7d97098a6c","hash":"28b2ee450f01611e8dd49c14326ecef17d966d12"}
,"/mnt/f/Koding/NTNU/it2810-webutvikling-h18-prosjekt-3-50/actions/index.js": {"path":"/mnt/f/Koding/NTNU/it2810-webutvikling-h18-prosjekt-3-50/actions/index.js","statementMap":{},"fnMap":{},"branchMap":{},"s":{},"f":{},"b":{},"_coverageSchema":"332fd63041d2c1bcb487cc26dd0d5f7d97098a6c","hash":"ff4ada1357b08d23e347cbe5722fa49c51a17402"}
,"/mnt/f/Koding/NTNU/it2810-webutvikling-h18-prosjekt-3-50/actions/sessions.js": {"path":"/mnt/f/Koding/NTNU/it2810-webutvikling-h18-prosjekt-3-50/actions/sessions.js","statementMap":{"0":{"start":{"line":3,"column":26},"end":{"line":8,"column":1}},"1":{"start":{"line":4,"column":2},"end":{"line":7,"column":3}},"2":{"start":{"line":10,"column":29},"end":{"line":15,"column":1}},"3":{"start":{"line":11,"column":2},"end":{"line":14,"column":3}},"4":{"start":{"line":17,"column":26},"end":{"line":22,"column":1}},"5":{"start":{"line":18,"column":2},"end":{"line":21,"column":3}},"6":{"start":{"line":24,"column":26},"end":{"line":29,"column":1}},"7":{"start":{"line":25,"column":2},"end":{"line":28,"column":3}},"8":{"start":{"line":31,"column":29},"end":{"line":36,"column":1}},"9":{"start":{"line":32,"column":2},"end":{"line":35,"column":3}},"10":{"start":{"line":38,"column":27},"end":{"line":43,"column":1}},"11":{"start":{"line":39,"column":2},"end":{"line":42,"column":3}},"12":{"start":{"line":45,"column":30},"end":{"line":50,"column":1}},"13":{"start":{"line":46,"column":2},"end":{"line":49,"column":3}}},"fnMap":{"0":{"name":"(anonymous_0)","decl":{"start":{"line":3,"column":26},"end":{"line":3,"column":27}},"loc":{"start":{"line":3,"column":39},"end":{"line":8,"column":1}},"line":3},"1":{"name":"(anonymous_1)","decl":{"start":{"line":10,"column":29},"end":{"line":10,"column":30}},"loc":{"start":{"line":10,"column":37},"end":{"line":15,"column":1}},"line":10},"2":{"name":"(anonymous_2)","decl":{"start":{"line":17,"column":26},"end":{"line":17,"column":27}},"loc":{"start":{"line":17,"column":36},"end":{"line":22,"column":1}},"line":17},"3":{"name":"(anonymous_3)","decl":{"start":{"line":24,"column":26},"end":{"line":24,"column":27}},"loc":{"start":{"line":24,"column":39},"end":{"line":29,"column":1}},"line":24},"4":{"name":"(anonymous_4)","decl":{"start":{"line":31,"column":29},"end":{"line":31,"column":30}},"loc":{"start":{"line":31,"column":37},"end":{"line":36,"column":1}},"line":31},"5":{"name":"(anonymous_5)","decl":{"start":{"line":38,"column":27},"end":{"line":38,"column":28}},"loc":{"start":{"line":38,"column":41},"end":{"line":43,"column":1}},"line":38},"6":{"name":"(anonymous_6)","decl":{"start":{"line":45,"column":30},"end":{"line":45,"column":31}},"loc":{"start":{"line":45,"column":38},"end":{"line":50,"column":1}},"line":45}},"branchMap":{},"s":{"0":9,"1":1,"2":9,"3":1,"4":9,"5":1,"6":9,"7":1,"8":9,"9":1,"10":9,"11":1,"12":9,"13":1},"f":{"0":1,"1":1,"2":1,"3":1,"4":1,"5":1,"6":1},"b":{},"_coverageSchema":"332fd63041d2c1bcb487cc26dd0d5f7d97098a6c","hash":"3be3813c8d89b44c7b6a862a7e6c7976ba45bf75"}
,"/mnt/f/Koding/NTNU/it2810-webutvikling-h18-prosjekt-3-50/actions/types.js": {"path":"/mnt/f/Koding/NTNU/it2810-webutvikling-h18-prosjekt-3-50/actions/types.js","statementMap":{"0":{"start":{"line":1,"column":36},"end":{"line":1,"column":58}},"1":{"start":{"line":3,"column":27},"end":{"line":3,"column":40}},"2":{"start":{"line":4,"column":30},"end":{"line":4,"column":46}},"3":{"start":{"line":6,"column":27},"end":{"line":6,"column":40}},"4":{"start":{"line":7,"column":30},"end":{"line":7,"column":46}},"5":{"start":{"line":9,"column":28},"end":{"line":9,"column":42}},"6":{"start":{"line":10,"column":31},"end":{"line":10,"column":48}},"7":{"start":{"line":12,"column":27},"end":{"line":12,"column":40}}},"fnMap":{},"branchMap":{},"s":{"0":10,"1":10,"2":10,"3":10,"4":10,"5":10,"6":10,"7":10},"f":{},"b":{},"_coverageSchema":"332fd63041d2c1bcb487cc26dd0d5f7d97098a6c","hash":"b6faf9f249f357a1dccd874dd9341128c53e22fd"}
,"/mnt/f/Koding/NTNU/it2810-webutvikling-h18-prosjekt-3-50/reducers/UserReducer.js": {"path":"/mnt/f/Koding/NTNU/it2810-webutvikling-h18-prosjekt-3-50/reducers/UserReducer.js","statementMap":{"0":{"start":{"line":5,"column":22},"end":{"line":27,"column":1}},"1":{"start":{"line":29,"column":29},"end":{"line":37,"column":1}},"2":{"start":{"line":30,"column":2},"end":{"line":30,"column":31}},"3":{"start":{"line":31,"column":2},"end":{"line":36,"column":3}},"4":{"start":{"line":40,"column":2},"end":{"line":48,"column":3}},"5":{"start":{"line":42,"column":21},"end":{"line":42,"column":40}},"6":{"start":{"line":43,"column":45},"end":{"line":43,"column":59}},"7":{"start":{"line":44,"column":6},"end":{"line":44,"column":97}},"8":{"start":{"line":45,"column":6},"end":{"line":45,"column":21}},"9":{"start":{"line":47,"column":6},"end":{"line":47,"column":18}}},"fnMap":{"0":{"name":"(anonymous_0)","decl":{"start":{"line":29,"column":29},"end":{"line":29,"column":30}},"loc":{"start":{"line":29,"column":71},"end":{"line":37,"column":1}},"line":29},"1":{"name":"(anonymous_1)","decl":{"start":{"line":39,"column":15},"end":{"line":39,"column":16}},"loc":{"start":{"line":39,"column":56},"end":{"line":49,"column":1}},"line":39}},"branchMap":{"0":{"loc":{"start":{"line":39,"column":25},"end":{"line":39,"column":46}},"type":"default-arg","locations":[{"start":{"line":39,"column":33},"end":{"line":39,"column":46}}],"line":39},"1":{"loc":{"start":{"line":40,"column":2},"end":{"line":48,"column":3}},"type":"switch","locations":[{"start":{"line":41,"column":4},"end":{"line":45,"column":21}},{"start":{"line":46,"column":4},"end":{"line":47,"column":18}}],"line":40}},"s":{"0":1,"1":1,"2":0,"3":0,"4":0,"5":0,"6":0,"7":0,"8":0,"9":0},"f":{"0":0,"1":0},"b":{"0":[0],"1":[0,0]},"_coverageSchema":"332fd63041d2c1bcb487cc26dd0d5f7d97098a6c","hash":"fbe5b31c88ac9aeecb14dee77832d46cc1988af8"}
,"/mnt/f/Koding/NTNU/it2810-webutvikling-h18-prosjekt-3-50/reducers/index.js": {"path":"/mnt/f/Koding/NTNU/it2810-webutvikling-h18-prosjekt-3-50/reducers/index.js","statementMap":{},"fnMap":{},"branchMap":{},"s":{},"f":{},"b":{},"_coverageSchema":"332fd63041d2c1bcb487cc26dd0d5f7d97098a6c","hash":"734abecbebbfda94f836bc2b5e4cf3880a427af7"}
,"/mnt/f/Koding/NTNU/it2810-webutvikling-h18-prosjekt-3-50/reducers/sessions.js": {"path":"/mnt/f/Koding/NTNU/it2810-webutvikling-h18-prosjekt-3-50/reducers/sessions.js","statementMap":{"0":{"start":{"line":6,"column":22},"end":{"line":6,"column":40}},"1":{"start":{"line":8,"column":19},"end":{"line":11,"column":1}},"2":{"start":{"line":10,"column":2},"end":{"line":10,"column":69}},"3":{"start":{"line":13,"column":22},"end":{"line":16,"column":1}},"4":{"start":{"line":14,"column":16},"end":{"line":14,"column":76}},"5":{"start":{"line":14,"column":47},"end":{"line":14,"column":75}},"6":{"start":{"line":15,"column":2},"end":{"line":15,"column":44}},"7":{"start":{"line":18,"column":19},"end":{"line":22,"column":1}},"8":{"start":{"line":19,"column":15},"end":{"line":19,"column":29}},"9":{"start":{"line":20,"column":22},"end":{"line":20,"column":83}},"10":{"start":{"line":20,"column":53},"end":{"line":20,"column":82}},"11":{"start":{"line":21,"column":2},"end":{"line":21,"column":80}},"12":{"start":{"line":24,"column":19},"end":{"line":32,"column":1}},"13":{"start":{"line":25,"column":22},"end":{"line":25,"column":41}},"14":{"start":{"line":26,"column":2},"end":{"line":30,"column":3}},"15":{"start":{"line":27,"column":4},"end":{"line":27,"column":72}},"16":{"start":{"line":29,"column":4},"end":{"line":29,"column":45}},"17":{"start":{"line":31,"column":2},"end":{"line":31,"column":51}},"18":{"start":{"line":34,"column":22},"end":{"line":38,"column":1}},"19":{"start":{"line":35,"column":22},"end":{"line":35,"column":41}},"20":{"start":{"line":36,"column":2},"end":{"line":36,"column":104}},"21":{"start":{"line":36,"column":68},"end":{"line":36,"column":103}},"22":{"start":{"line":37,"column":2},"end":{"line":37,"column":51}},"23":{"start":{"line":40,"column":20},"end":{"line":44,"column":1}},"24":{"start":{"line":41,"column":22},"end":{"line":41,"column":41}},"25":{"start":{"line":42,"column":2},"end":{"line":42,"column":72}},"26":{"start":{"line":43,"column":2},"end":{"line":43,"column":51}},"27":{"start":{"line":46,"column":23},"end":{"line":50,"column":1}},"28":{"start":{"line":47,"column":22},"end":{"line":47,"column":41}},"29":{"start":{"line":48,"column":2},"end":{"line":48,"column":109}},"30":{"start":{"line":48,"column":71},"end":{"line":48,"column":107}},"31":{"start":{"line":49,"column":2},"end":{"line":49,"column":51}},"32":{"start":{"line":54,"column":2},"end":{"line":71,"column":3}},"33":{"start":{"line":56,"column":6},"end":{"line":56,"column":38}},"34":{"start":{"line":58,"column":6},"end":{"line":58,"column":41}},"35":{"start":{"line":60,"column":6},"end":{"line":60,"column":38}},"36":{"start":{"line":62,"column":6},"end":{"line":62,"column":41}},"37":{"start":{"line":64,"column":6},"end":{"line":64,"column":39}},"38":{"start":{"line":66,"column":6},"end":{"line":66,"column":42}},"39":{"start":{"line":68,"column":6},"end":{"line":68,"column":38}},"40":{"start":{"line":70,"column":6},"end":{"line":70,"column":18}}},"fnMap":{"0":{"name":"(anonymous_0)","decl":{"start":{"line":8,"column":19},"end":{"line":8,"column":20}},"loc":{"start":{"line":8,"column":39},"end":{"line":11,"column":1}},"line":8},"1":{"name":"(anonymous_1)","decl":{"start":{"line":13,"column":22},"end":{"line":13,"column":23}},"loc":{"start":{"line":13,"column":41},"end":{"line":16,"column":1}},"line":13},"2":{"name":"(anonymous_2)","decl":{"start":{"line":14,"column":36},"end":{"line":14,"column":37}},"loc":{"start":{"line":14,"column":47},"end":{"line":14,"column":75}},"line":14},"3":{"name":"(anonymous_3)","decl":{"start":{"line":18,"column":19},"end":{"line":18,"column":20}},"loc":{"start":{"line":18,"column":38},"end":{"line":22,"column":1}},"line":18},"4":{"name":"(anonymous_4)","decl":{"start":{"line":20,"column":42},"end":{"line":20,"column":43}},"loc":{"start":{"line":20,"column":53},"end":{"line":20,"column":82}},"line":20},"5":{"name":"(anonymous_5)","decl":{"start":{"line":24,"column":19},"end":{"line":24,"column":20}},"loc":{"start":{"line":24,"column":38},"end":{"line":32,"column":1}},"line":24},"6":{"name":"(anonymous_6)","decl":{"start":{"line":34,"column":22},"end":{"line":34,"column":23}},"loc":{"start":{"line":34,"column":41},"end":{"line":38,"column":1}},"line":34},"7":{"name":"(anonymous_7)","decl":{"start":{"line":36,"column":57},"end":{"line":36,"column":58}},"loc":{"start":{"line":36,"column":68},"end":{"line":36,"column":103}},"line":36},"8":{"name":"(anonymous_8)","decl":{"start":{"line":40,"column":20},"end":{"line":40,"column":21}},"loc":{"start":{"line":40,"column":39},"end":{"line":44,"column":1}},"line":40},"9":{"name":"(anonymous_9)","decl":{"start":{"line":46,"column":23},"end":{"line":46,"column":24}},"loc":{"start":{"line":46,"column":42},"end":{"line":50,"column":1}},"line":46},"10":{"name":"(anonymous_10)","decl":{"start":{"line":48,"column":59},"end":{"line":48,"column":60}},"loc":{"start":{"line":48,"column":71},"end":{"line":48,"column":107}},"line":48},"11":{"name":"(anonymous_11)","decl":{"start":{"line":53,"column":15},"end":{"line":53,"column":16}},"loc":{"start":{"line":53,"column":56},"end":{"line":72,"column":1}},"line":53}},"branchMap":{"0":{"loc":{"start":{"line":26,"column":2},"end":{"line":30,"column":3}},"type":"if","locations":[{"start":{"line":26,"column":2},"end":{"line":30,"column":3}},{"start":{"line":26,"column":2},"end":{"line":30,"column":3}}],"line":26},"1":{"loc":{"start":{"line":53,"column":25},"end":{"line":53,"column":46}},"type":"default-arg","locations":[{"start":{"line":53,"column":33},"end":{"line":53,"column":46}}],"line":53},"2":{"loc":{"start":{"line":54,"column":2},"end":{"line":71,"column":3}},"type":"switch","locations":[{"start":{"line":55,"column":4},"end":{"line":56,"column":38}},{"start":{"line":57,"column":4},"end":{"line":58,"column":41}},{"start":{"line":59,"column":4},"end":{"line":60,"column":38}},{"start":{"line":61,"column":4},"end":{"line":62,"column":41}},{"start":{"line":63,"column":4},"end":{"line":64,"column":39}},{"start":{"line":65,"column":4},"end":{"line":66,"column":42}},{"start":{"line":67,"column":4},"end":{"line":68,"column":38}},{"start":{"line":69,"column":4},"end":{"line":70,"column":18}}],"line":54}},"s":{"0":2,"1":2,"2":2,"3":2,"4":2,"5":1,"6":2,"7":2,"8":0,"9":0,"10":0,"11":0,"12":2,"13":2,"14":2,"15":2,"16":0,"17":2,"18":2,"19":3,"20":3,"21":3,"22":3,"23":2,"24":2,"25":2,"26":2,"27":2,"28":3,"29":3,"30":3,"31":3,"32":18,"33":2,"34":2,"35":2,"36":3,"37":2,"38":3,"39":0,"40":4},"f":{"0":2,"1":2,"2":1,"3":0,"4":0,"5":2,"6":3,"7":3,"8":2,"9":3,"10":3,"11":18},"b":{"0":[2,0],"1":[4],"2":[2,2,2,3,2,3,0,4]},"_coverageSchema":"332fd63041d2c1bcb487cc26dd0d5f7d97098a6c","hash":"805498ae71d6468448b035627edd2ede91497b1f"}
,"/mnt/f/Koding/NTNU/it2810-webutvikling-h18-prosjekt-3-50/src/testUtils.js": {"path":"/mnt/f/Koding/NTNU/it2810-webutvikling-h18-prosjekt-3-50/src/testUtils.js","statementMap":{"0":{"start":{"line":2,"column":2},"end":{"line":4,"column":3}},"1":{"start":{"line":3,"column":4},"end":{"line":3,"column":18}},"2":{"start":{"line":5,"column":2},"end":{"line":13,"column":3}},"3":{"start":{"line":6,"column":17},"end":{"line":6,"column":35}},"4":{"start":{"line":7,"column":4},"end":{"line":12,"column":5}},"5":{"start":{"line":8,"column":17},"end":{"line":8,"column":53}},"6":{"start":{"line":9,"column":6},"end":{"line":11,"column":7}},"7":{"start":{"line":10,"column":8},"end":{"line":10,"column":19}}},"fnMap":{"0":{"name":"findByID","decl":{"start":{"line":1,"column":16},"end":{"line":1,"column":24}},"loc":{"start":{"line":1,"column":43},"end":{"line":14,"column":1}},"line":1}},"branchMap":{"0":{"loc":{"start":{"line":2,"column":2},"end":{"line":4,"column":3}},"type":"if","locations":[{"start":{"line":2,"column":2},"end":{"line":4,"column":3}},{"start":{"line":2,"column":2},"end":{"line":4,"column":3}}],"line":2},"1":{"loc":{"start":{"line":2,"column":6},"end":{"line":2,"column":58}},"type":"binary-expr","locations":[{"start":{"line":2,"column":6},"end":{"line":2,"column":21}},{"start":{"line":2,"column":25},"end":{"line":2,"column":58}}],"line":2},"2":{"loc":{"start":{"line":5,"column":2},"end":{"line":13,"column":3}},"type":"if","locations":[{"start":{"line":5,"column":2},"end":{"line":13,"column":3}},{"start":{"line":5,"column":2},"end":{"line":13,"column":3}}],"line":5},"3":{"loc":{"start":{"line":5,"column":6},"end":{"line":5,"column":57}},"type":"binary-expr","locations":[{"start":{"line":5,"column":6},"end":{"line":5,"column":24}},{"start":{"line":5,"column":28},"end":{"line":5,"column":57}}],"line":5},"4":{"loc":{"start":{"line":9,"column":6},"end":{"line":11,"column":7}},"type":"if","locations":[{"start":{"line":9,"column":6},"end":{"line":11,"column":7}},{"start":{"line":9,"column":6},"end":{"line":11,"column":7}}],"line":9}},"s":{"0":204,"1":19,"2":185,"3":130,"4":130,"5":185,"6":185,"7":56},"f":{"0":204},"b":{"0":[19,185],"1":[204,204],"2":[130,55],"3":[185,185],"4":[56,129]},"_coverageSchema":"332fd63041d2c1bcb487cc26dd0d5f7d97098a6c","hash":"e7d3004bab47aec2459e9ee7bd598c53a91058a4"}
,"/mnt/f/Koding/NTNU/it2810-webutvikling-h18-prosjekt-3-50/src/assets/initial_state_mock.js": {"path":"/mnt/f/Koding/NTNU/it2810-webutvikling-h18-prosjekt-3-50/src/assets/initial_state_mock.js","statementMap":{},"fnMap":{},"branchMap":{},"s":{},"f":{},"b":{},"_coverageSchema":"332fd63041d2c1bcb487cc26dd0d5f7d97098a6c","hash":"cb4ecfa0b7886b366325872901b7d8e34f268957"}
,"/mnt/f/Koding/NTNU/it2810-webutvikling-h18-prosjekt-3-50/src/assets/utils.js": {"path":"/mnt/f/Koding/NTNU/it2810-webutvikling-h18-prosjekt-3-50/src/assets/utils.js","statementMap":{"0":{"start":{"line":4,"column":20},"end":{"line":4,"column":22}},"1":{"start":{"line":5,"column":14},"end":{"line":8,"column":4}},"2":{"start":{"line":6,"column":15},"end":{"line":6,"column":59}},"3":{"start":{"line":7,"column":4},"end":{"line":7,"column":38}},"4":{"start":{"line":9,"column":2},"end":{"line":9,"column":20}},"5":{"start":{"line":14,"column":2},"end":{"line":14,"column":48}},"6":{"start":{"line":15,"column":2},"end":{"line":15,"column":51}},"7":{"start":{"line":19,"column":2},"end":{"line":19,"column":42}},"8":{"start":{"line":20,"column":2},"end":{"line":20,"column":59}},"9":{"start":{"line":24,"column":2},"end":{"line":24,"column":30}}},"fnMap":{"0":{"name":"getSessionDates","decl":{"start":{"line":3,"column":16},"end":{"line":3,"column":31}},"loc":{"start":{"line":3,"column":42},"end":{"line":10,"column":1}},"line":3},"1":{"name":"(anonymous_1)","decl":{"start":{"line":5,"column":27},"end":{"line":5,"column":28}},"loc":{"start":{"line":5,"column":38},"end":{"line":8,"column":3}},"line":5},"2":{"name":"isSameDay","decl":{"start":{"line":13,"column":16},"end":{"line":13,"column":25}},"loc":{"start":{"line":13,"column":44},"end":{"line":16,"column":1}},"line":13},"3":{"name":"isToday","decl":{"start":{"line":18,"column":16},"end":{"line":18,"column":23}},"loc":{"start":{"line":18,"column":30},"end":{"line":21,"column":1}},"line":18},"4":{"name":"timeString","decl":{"start":{"line":23,"column":16},"end":{"line":23,"column":26}},"loc":{"start":{"line":23,"column":33},"end":{"line":25,"column":1}},"line":23}},"branchMap":{},"s":{"0":0,"1":0,"2":0,"3":0,"4":0,"5":0,"6":0,"7":2,"8":2,"9":0},"f":{"0":0,"1":0,"2":0,"3":2,"4":0},"b":{},"_coverageSchema":"332fd63041d2c1bcb487cc26dd0d5f7d97098a6c","hash":"8922fa67c0f92ab311a32224b5a355abd214bd26"}
,"/mnt/f/Koding/NTNU/it2810-webutvikling-h18-prosjekt-3-50/src/components/AddContact.js": {"path":"/mnt/f/Koding/NTNU/it2810-webutvikling-h18-prosjekt-3-50/src/components/AddContact.js","statementMap":{"0":{"start":{"line":7,"column":22},"end":{"line":7,"column":56}},"1":{"start":{"line":17,"column":4},"end":{"line":17,"column":25}},"2":{"start":{"line":18,"column":4},"end":{"line":20,"column":5}},"3":{"start":{"line":22,"column":4},"end":{"line":22,"column":36}},"4":{"start":{"line":23,"column":4},"end":{"line":23,"column":62}},"5":{"start":{"line":27,"column":4},"end":{"line":27,"column":34}},"6":{"start":{"line":28,"column":4},"end":{"line":28,"column":34}},"7":{"start":{"line":33,"column":4},"end":{"line":33,"column":87}},"8":{"start":{"line":33,"column":43},"end":{"line":33,"column":86}},"9":{"start":{"line":37,"column":4},"end":{"line":57,"column":5}},"10":{"start":{"line":42,"column":14},"end":{"line":52,"column":25}},"11":{"start":{"line":46,"column":31},"end":{"line":46,"column":49}},"12":{"start":{"line":61,"column":27},"end":{"line":63,"column":2}},"13":{"start":{"line":61,"column":40},"end":{"line":63,"column":1}},"14":{"start":{"line":62,"column":25},"end":{"line":62,"column":54}}},"fnMap":{"0":{"name":"(anonymous_0)","decl":{"start":{"line":16,"column":2},"end":{"line":16,"column":3}},"loc":{"start":{"line":16,"column":30},"end":{"line":24,"column":3}},"line":16},"1":{"name":"(anonymous_1)","decl":{"start":{"line":26,"column":2},"end":{"line":26,"column":3}},"loc":{"start":{"line":26,"column":16},"end":{"line":29,"column":3}},"line":26},"2":{"name":"(anonymous_2)","decl":{"start":{"line":32,"column":2},"end":{"line":32,"column":3}},"loc":{"start":{"line":32,"column":22},"end":{"line":34,"column":3}},"line":32},"3":{"name":"(anonymous_3)","decl":{"start":{"line":33,"column":32},"end":{"line":33,"column":33}},"loc":{"start":{"line":33,"column":43},"end":{"line":33,"column":86}},"line":33},"4":{"name":"(anonymous_4)","decl":{"start":{"line":36,"column":2},"end":{"line":36,"column":3}},"loc":{"start":{"line":36,"column":11},"end":{"line":58,"column":3}},"line":36},"5":{"name":"(anonymous_5)","decl":{"start":{"line":41,"column":46},"end":{"line":41,"column":47}},"loc":{"start":{"line":42,"column":14},"end":{"line":52,"column":25}},"line":42},"6":{"name":"(anonymous_6)","decl":{"start":{"line":46,"column":25},"end":{"line":46,"column":26}},"loc":{"start":{"line":46,"column":31},"end":{"line":46,"column":49}},"line":46},"7":{"name":"(anonymous_7)","decl":{"start":{"line":61,"column":27},"end":{"line":61,"column":28}},"loc":{"start":{"line":61,"column":40},"end":{"line":63,"column":1}},"line":61},"8":{"name":"(anonymous_8)","decl":{"start":{"line":62,"column":14},"end":{"line":62,"column":15}},"loc":{"start":{"line":62,"column":25},"end":{"line":62,"column":54}},"line":62}},"branchMap":{},"s":{"0":2,"1":5,"2":5,"3":5,"4":5,"5":2,"6":2,"7":0,"8":0,"9":6,"10":30,"11":1,"12":2,"13":0,"14":0},"f":{"0":5,"1":2,"2":0,"3":0,"4":6,"5":30,"6":1,"7":0,"8":0},"b":{},"_coverageSchema":"332fd63041d2c1bcb487cc26dd0d5f7d97098a6c","hash":"f689f0a5d9563049490c35855a5dd0f315c65cb2"}
,"/mnt/f/Koding/NTNU/it2810-webutvikling-h18-prosjekt-3-50/src/components/AddExercise.js": {"path":"/mnt/f/Koding/NTNU/it2810-webutvikling-h18-prosjekt-3-50/src/components/AddExercise.js","statementMap":{"0":{"start":{"line":15,"column":4},"end":{"line":15,"column":25}},"1":{"start":{"line":16,"column":4},"end":{"line":21,"column":5}},"2":{"start":{"line":23,"column":4},"end":{"line":23,"column":50}},"3":{"start":{"line":24,"column":4},"end":{"line":24,"column":60}},"4":{"start":{"line":25,"column":4},"end":{"line":25,"column":46}},"5":{"start":{"line":29,"column":4},"end":{"line":41,"column":5}},"6":{"start":{"line":30,"column":6},"end":{"line":30,"column":49}},"7":{"start":{"line":32,"column":6},"end":{"line":37,"column":8}},"8":{"start":{"line":38,"column":6},"end":{"line":38,"column":53}},"9":{"start":{"line":40,"column":6},"end":{"line":40,"column":42}},"10":{"start":{"line":45,"column":4},"end":{"line":55,"column":5}},"11":{"start":{"line":46,"column":6},"end":{"line":51,"column":7}},"12":{"start":{"line":47,"column":8},"end":{"line":47,"column":64}},"13":{"start":{"line":48,"column":8},"end":{"line":48,"column":20}},"14":{"start":{"line":50,"column":8},"end":{"line":50,"column":19}},"15":{"start":{"line":53,"column":6},"end":{"line":53,"column":70}},"16":{"start":{"line":54,"column":6},"end":{"line":54,"column":18}},"17":{"start":{"line":59,"column":4},"end":{"line":64,"column":6}},"18":{"start":{"line":69,"column":4},"end":{"line":137,"column":5}},"19":{"start":{"line":78,"column":45},"end":{"line":78,"column":72}},"20":{"start":{"line":90,"column":44},"end":{"line":90,"column":65}},"21":{"start":{"line":103,"column":44},"end":{"line":103,"column":65}},"22":{"start":{"line":116,"column":42},"end":{"line":116,"column":61}},"23":{"start":{"line":141,"column":27},"end":{"line":143,"column":2}},"24":{"start":{"line":141,"column":40},"end":{"line":143,"column":1}},"25":{"start":{"line":142,"column":27},"end":{"line":142,"column":58}},"26":{"start":{"line":147,"column":15},"end":{"line":157,"column":2}}},"fnMap":{"0":{"name":"(anonymous_0)","decl":{"start":{"line":14,"column":2},"end":{"line":14,"column":3}},"loc":{"start":{"line":14,"column":30},"end":{"line":26,"column":3}},"line":14},"1":{"name":"(anonymous_1)","decl":{"start":{"line":28,"column":2},"end":{"line":28,"column":3}},"loc":{"start":{"line":28,"column":16},"end":{"line":42,"column":3}},"line":28},"2":{"name":"(anonymous_2)","decl":{"start":{"line":44,"column":2},"end":{"line":44,"column":3}},"loc":{"start":{"line":44,"column":21},"end":{"line":56,"column":3}},"line":44},"3":{"name":"(anonymous_3)","decl":{"start":{"line":58,"column":2},"end":{"line":58,"column":3}},"loc":{"start":{"line":58,"column":24},"end":{"line":65,"column":3}},"line":58},"4":{"name":"(anonymous_4)","decl":{"start":{"line":67,"column":2},"end":{"line":67,"column":3}},"loc":{"start":{"line":67,"column":11},"end":{"line":138,"column":3}},"line":67},"5":{"name":"(anonymous_5)","decl":{"start":{"line":78,"column":34},"end":{"line":78,"column":35}},"loc":{"start":{"line":78,"column":44},"end":{"line":78,"column":73}},"line":78},"6":{"name":"(anonymous_6)","decl":{"start":{"line":90,"column":34},"end":{"line":90,"column":35}},"loc":{"start":{"line":90,"column":44},"end":{"line":90,"column":65}},"line":90},"7":{"name":"(anonymous_7)","decl":{"start":{"line":103,"column":34},"end":{"line":103,"column":35}},"loc":{"start":{"line":103,"column":44},"end":{"line":103,"column":65}},"line":103},"8":{"name":"(anonymous_8)","decl":{"start":{"line":116,"column":34},"end":{"line":116,"column":35}},"loc":{"start":{"line":116,"column":42},"end":{"line":116,"column":61}},"line":116},"9":{"name":"(anonymous_9)","decl":{"start":{"line":141,"column":27},"end":{"line":141,"column":28}},"loc":{"start":{"line":141,"column":40},"end":{"line":143,"column":1}},"line":141},"10":{"name":"(anonymous_10)","decl":{"start":{"line":142,"column":15},"end":{"line":142,"column":16}},"loc":{"start":{"line":142,"column":27},"end":{"line":142,"column":58}},"line":142}},"branchMap":{"0":{"loc":{"start":{"line":29,"column":4},"end":{"line":41,"column":5}},"type":"if","locations":[{"start":{"line":29,"column":4},"end":{"line":41,"column":5}},{"start":{"line":29,"column":4},"end":{"line":41,"column":5}}],"line":29},"1":{"loc":{"start":{"line":45,"column":4},"end":{"line":55,"column":5}},"type":"if","locations":[{"start":{"line":45,"column":4},"end":{"line":55,"column":5}},{"start":{"line":45,"column":4},"end":{"line":55,"column":5}}],"line":45},"2":{"loc":{"start":{"line":46,"column":6},"end":{"line":51,"column":7}},"type":"if","locations":[{"start":{"line":46,"column":6},"end":{"line":51,"column":7}},{"start":{"line":46,"column":6},"end":{"line":51,"column":7}}],"line":46},"3":{"loc":{"start":{"line":46,"column":10},"end":{"line":46,"column":60}},"type":"binary-expr","locations":[{"start":{"line":46,"column":10},"end":{"line":46,"column":33}},{"start":{"line":46,"column":37},"end":{"line":46,"column":60}}],"line":46}},"s":{"0":13,"1":13,"2":13,"3":13,"4":13,"5":2,"6":1,"7":1,"8":1,"9":1,"10":4,"11":4,"12":3,"13":3,"14":1,"15":0,"16":0,"17":0,"18":18,"19":1,"20":1,"21":1,"22":1,"23":2,"24":0,"25":0,"26":2},"f":{"0":13,"1":2,"2":4,"3":0,"4":18,"5":1,"6":1,"7":1,"8":1,"9":0,"10":0},"b":{"0":[1,1],"1":[4,0],"2":[3,1],"3":[4,2]},"_coverageSchema":"332fd63041d2c1bcb487cc26dd0d5f7d97098a6c","hash":"3ed4e0c5682f488e0143263b0df47c0733598c7b"}
,"/mnt/f/Koding/NTNU/it2810-webutvikling-h18-prosjekt-3-50/src/components/CalendarView.js": {"path":"/mnt/f/Koding/NTNU/it2810-webutvikling-h18-prosjekt-3-50/src/components/CalendarView.js","statementMap":{"0":{"start":{"line":13,"column":4},"end":{"line":13,"column":25}},"1":{"start":{"line":15,"column":4},"end":{"line":20,"column":5}},"2":{"start":{"line":22,"column":4},"end":{"line":22,"column":48}},"3":{"start":{"line":23,"column":4},"end":{"line":23,"column":48}},"4":{"start":{"line":27,"column":4},"end":{"line":32,"column":5}},"5":{"start":{"line":36,"column":4},"end":{"line":36,"column":31}},"6":{"start":{"line":38,"column":4},"end":{"line":38,"column":33}},"7":{"start":{"line":39,"column":21},"end":{"line":39,"column":36}},"8":{"start":{"line":41,"column":4},"end":{"line":45,"column":5}},"9":{"start":{"line":42,"column":6},"end":{"line":42,"column":88}},"10":{"start":{"line":44,"column":6},"end":{"line":44,"column":74}},"11":{"start":{"line":49,"column":25},"end":{"line":49,"column":46}},"12":{"start":{"line":51,"column":4},"end":{"line":60,"column":5}},"13":{"start":{"line":56,"column":38},"end":{"line":56,"column":59}},"14":{"start":{"line":57,"column":32},"end":{"line":57,"column":53}},"15":{"start":{"line":65,"column":2},"end":{"line":68,"column":3}},"16":{"start":{"line":71,"column":27},"end":{"line":73,"column":2}},"17":{"start":{"line":71,"column":40},"end":{"line":73,"column":1}},"18":{"start":{"line":72,"column":22},"end":{"line":72,"column":48}},"19":{"start":{"line":77,"column":15},"end":{"line":82,"column":2}}},"fnMap":{"0":{"name":"(anonymous_0)","decl":{"start":{"line":12,"column":2},"end":{"line":12,"column":3}},"loc":{"start":{"line":12,"column":31},"end":{"line":24,"column":3}},"line":12},"1":{"name":"(anonymous_1)","decl":{"start":{"line":26,"column":2},"end":{"line":26,"column":3}},"loc":{"start":{"line":26,"column":20},"end":{"line":33,"column":3}},"line":26},"2":{"name":"(anonymous_2)","decl":{"start":{"line":35,"column":2},"end":{"line":35,"column":3}},"loc":{"start":{"line":35,"column":20},"end":{"line":46,"column":3}},"line":35},"3":{"name":"(anonymous_3)","decl":{"start":{"line":48,"column":2},"end":{"line":48,"column":3}},"loc":{"start":{"line":48,"column":12},"end":{"line":61,"column":3}},"line":48},"4":{"name":"(anonymous_4)","decl":{"start":{"line":56,"column":26},"end":{"line":56,"column":27}},"loc":{"start":{"line":56,"column":36},"end":{"line":56,"column":61}},"line":56},"5":{"name":"(anonymous_5)","decl":{"start":{"line":57,"column":22},"end":{"line":57,"column":23}},"loc":{"start":{"line":57,"column":32},"end":{"line":57,"column":53}},"line":57},"6":{"name":"mapStateToProps","decl":{"start":{"line":64,"column":9},"end":{"line":64,"column":24}},"loc":{"start":{"line":64,"column":31},"end":{"line":69,"column":1}},"line":64},"7":{"name":"(anonymous_7)","decl":{"start":{"line":71,"column":27},"end":{"line":71,"column":28}},"loc":{"start":{"line":71,"column":40},"end":{"line":73,"column":1}},"line":71},"8":{"name":"(anonymous_8)","decl":{"start":{"line":72,"column":14},"end":{"line":72,"column":15}},"loc":{"start":{"line":72,"column":22},"end":{"line":72,"column":48}},"line":72}},"branchMap":{"0":{"loc":{"start":{"line":41,"column":4},"end":{"line":45,"column":5}},"type":"if","locations":[{"start":{"line":41,"column":4},"end":{"line":45,"column":5}},{"start":{"line":41,"column":4},"end":{"line":45,"column":5}}],"line":41}},"s":{"0":9,"1":9,"2":9,"3":9,"4":1,"5":3,"6":3,"7":3,"8":3,"9":1,"10":2,"11":17,"12":17,"13":2,"14":4,"15":0,"16":3,"17":0,"18":0,"19":3},"f":{"0":9,"1":1,"2":3,"3":17,"4":2,"5":4,"6":0,"7":0,"8":0},"b":{"0":[1,2]},"_coverageSchema":"332fd63041d2c1bcb487cc26dd0d5f7d97098a6c","hash":"e0bd057dc4cc4d175d866933774db5e88b0a3198"}
,"/mnt/f/Koding/NTNU/it2810-webutvikling-h18-prosjekt-3-50/src/components/ContactList.js": {"path":"/mnt/f/Koding/NTNU/it2810-webutvikling-h18-prosjekt-3-50/src/components/ContactList.js","statementMap":{"0":{"start":{"line":11,"column":4},"end":{"line":11,"column":25}},"1":{"start":{"line":13,"column":4},"end":{"line":13,"column":36}},"2":{"start":{"line":14,"column":4},"end":{"line":14,"column":42}},"3":{"start":{"line":18,"column":4},"end":{"line":18,"column":48}},"4":{"start":{"line":22,"column":4},"end":{"line":22,"column":37}},"5":{"start":{"line":26,"column":4},"end":{"line":62,"column":5}},"6":{"start":{"line":45,"column":12},"end":{"line":58,"column":23}},"7":{"start":{"line":52,"column":34},"end":{"line":52,"column":55}},"8":{"start":{"line":67,"column":2},"end":{"line":74,"column":3}},"9":{"start":{"line":68,"column":4},"end":{"line":69,"column":58}},"10":{"start":{"line":71,"column":4},"end":{"line":73,"column":5}},"11":{"start":{"line":77,"column":27},"end":{"line":79,"column":2}},"12":{"start":{"line":77,"column":40},"end":{"line":79,"column":1}},"13":{"start":{"line":78,"column":28},"end":{"line":78,"column":60}},"14":{"start":{"line":83,"column":15},"end":{"line":94,"column":2}}},"fnMap":{"0":{"name":"(anonymous_0)","decl":{"start":{"line":10,"column":2},"end":{"line":10,"column":3}},"loc":{"start":{"line":10,"column":30},"end":{"line":15,"column":3}},"line":10},"1":{"name":"(anonymous_1)","decl":{"start":{"line":17,"column":2},"end":{"line":17,"column":3}},"loc":{"start":{"line":17,"column":10},"end":{"line":19,"column":3}},"line":17},"2":{"name":"(anonymous_2)","decl":{"start":{"line":21,"column":2},"end":{"line":21,"column":3}},"loc":{"start":{"line":21,"column":20},"end":{"line":23,"column":3}},"line":21},"3":{"name":"(anonymous_3)","decl":{"start":{"line":25,"column":2},"end":{"line":25,"column":3}},"loc":{"start":{"line":25,"column":12},"end":{"line":63,"column":3}},"line":25},"4":{"name":"(anonymous_4)","decl":{"start":{"line":44,"column":35},"end":{"line":44,"column":36}},"loc":{"start":{"line":45,"column":12},"end":{"line":58,"column":23}},"line":45},"5":{"name":"(anonymous_5)","decl":{"start":{"line":52,"column":27},"end":{"line":52,"column":28}},"loc":{"start":{"line":52,"column":33},"end":{"line":52,"column":56}},"line":52},"6":{"name":"mapStateToProps","decl":{"start":{"line":66,"column":9},"end":{"line":66,"column":24}},"loc":{"start":{"line":66,"column":31},"end":{"line":75,"column":1}},"line":66},"7":{"name":"(anonymous_7)","decl":{"start":{"line":77,"column":27},"end":{"line":77,"column":28}},"loc":{"start":{"line":77,"column":40},"end":{"line":79,"column":1}},"line":77},"8":{"name":"(anonymous_8)","decl":{"start":{"line":78,"column":17},"end":{"line":78,"column":18}},"loc":{"start":{"line":78,"column":28},"end":{"line":78,"column":60}},"line":78}},"branchMap":{"0":{"loc":{"start":{"line":67,"column":2},"end":{"line":74,"column":3}},"type":"if","locations":[{"start":{"line":67,"column":2},"end":{"line":74,"column":3}},{"start":{"line":67,"column":2},"end":{"line":74,"column":3}}],"line":67}},"s":{"0":6,"1":6,"2":6,"3":1,"4":1,"5":8,"6":2,"7":1,"8":0,"9":0,"10":0,"11":4,"12":0,"13":0,"14":4},"f":{"0":6,"1":1,"2":1,"3":8,"4":2,"5":1,"6":0,"7":0,"8":0},"b":{"0":[0,0]},"_coverageSchema":"332fd63041d2c1bcb487cc26dd0d5f7d97098a6c","hash":"ccecea989d9f3f61262e3d1e16db700436dfff77"}
,"/mnt/f/Koding/NTNU/it2810-webutvikling-h18-prosjekt-3-50/src/components/CreateSession.js": {"path":"/mnt/f/Koding/NTNU/it2810-webutvikling-h18-prosjekt-3-50/src/components/CreateSession.js","statementMap":{"0":{"start":{"line":21,"column":4},"end":{"line":21,"column":25}},"1":{"start":{"line":23,"column":19},"end":{"line":23,"column":110}},"2":{"start":{"line":25,"column":4},"end":{"line":34,"column":5}},"3":{"start":{"line":36,"column":4},"end":{"line":36,"column":50}},"4":{"start":{"line":37,"column":4},"end":{"line":37,"column":58}},"5":{"start":{"line":38,"column":4},"end":{"line":38,"column":60}},"6":{"start":{"line":40,"column":4},"end":{"line":40,"column":66}},"7":{"start":{"line":41,"column":4},"end":{"line":41,"column":66}},"8":{"start":{"line":42,"column":4},"end":{"line":42,"column":58}},"9":{"start":{"line":46,"column":4},"end":{"line":50,"column":5}},"10":{"start":{"line":47,"column":6},"end":{"line":47,"column":52}},"11":{"start":{"line":49,"column":6},"end":{"line":49,"column":44}},"12":{"start":{"line":54,"column":4},"end":{"line":67,"column":5}},"13":{"start":{"line":55,"column":6},"end":{"line":63,"column":7}},"14":{"start":{"line":56,"column":8},"end":{"line":56,"column":48}},"15":{"start":{"line":57,"column":8},"end":{"line":57,"column":20}},"16":{"start":{"line":58,"column":13},"end":{"line":63,"column":7}},"17":{"start":{"line":59,"column":8},"end":{"line":59,"column":60}},"18":{"start":{"line":60,"column":8},"end":{"line":60,"column":20}},"19":{"start":{"line":62,"column":8},"end":{"line":62,"column":19}},"20":{"start":{"line":65,"column":6},"end":{"line":65,"column":60}},"21":{"start":{"line":66,"column":6},"end":{"line":66,"column":18}},"22":{"start":{"line":71,"column":4},"end":{"line":77,"column":5}},"23":{"start":{"line":81,"column":4},"end":{"line":91,"column":6}},"24":{"start":{"line":95,"column":4},"end":{"line":95,"column":51}},"25":{"start":{"line":99,"column":4},"end":{"line":99,"column":52}},"26":{"start":{"line":103,"column":4},"end":{"line":107,"column":6}},"27":{"start":{"line":108,"column":4},"end":{"line":108,"column":30}},"28":{"start":{"line":112,"column":25},"end":{"line":112,"column":46}},"29":{"start":{"line":115,"column":4},"end":{"line":126,"column":5}},"30":{"start":{"line":116,"column":6},"end":{"line":123,"column":21}},"31":{"start":{"line":125,"column":6},"end":{"line":125,"column":87}},"32":{"start":{"line":128,"column":4},"end":{"line":176,"column":5}},"33":{"start":{"line":136,"column":40},"end":{"line":136,"column":61}},"34":{"start":{"line":184,"column":27},"end":{"line":186,"column":2}},"35":{"start":{"line":184,"column":40},"end":{"line":186,"column":1}},"36":{"start":{"line":185,"column":25},"end":{"line":185,"column":54}},"37":{"start":{"line":190,"column":15},"end":{"line":229,"column":2}}},"fnMap":{"0":{"name":"(anonymous_0)","decl":{"start":{"line":20,"column":2},"end":{"line":20,"column":3}},"loc":{"start":{"line":20,"column":30},"end":{"line":43,"column":3}},"line":20},"1":{"name":"(anonymous_1)","decl":{"start":{"line":45,"column":2},"end":{"line":45,"column":3}},"loc":{"start":{"line":45,"column":16},"end":{"line":51,"column":3}},"line":45},"2":{"name":"(anonymous_2)","decl":{"start":{"line":53,"column":2},"end":{"line":53,"column":3}},"loc":{"start":{"line":53,"column":20},"end":{"line":68,"column":3}},"line":53},"3":{"name":"(anonymous_3)","decl":{"start":{"line":70,"column":2},"end":{"line":70,"column":3}},"loc":{"start":{"line":70,"column":21},"end":{"line":78,"column":3}},"line":70},"4":{"name":"(anonymous_4)","decl":{"start":{"line":80,"column":2},"end":{"line":80,"column":3}},"loc":{"start":{"line":80,"column":18},"end":{"line":92,"column":3}},"line":80},"5":{"name":"(anonymous_5)","decl":{"start":{"line":94,"column":2},"end":{"line":94,"column":3}},"loc":{"start":{"line":94,"column":24},"end":{"line":96,"column":3}},"line":94},"6":{"name":"(anonymous_6)","decl":{"start":{"line":98,"column":2},"end":{"line":98,"column":3}},"loc":{"start":{"line":98,"column":24},"end":{"line":100,"column":3}},"line":98},"7":{"name":"(anonymous_7)","decl":{"start":{"line":102,"column":2},"end":{"line":102,"column":3}},"loc":{"start":{"line":102,"column":24},"end":{"line":109,"column":3}},"line":102},"8":{"name":"(anonymous_8)","decl":{"start":{"line":111,"column":2},"end":{"line":111,"column":3}},"loc":{"start":{"line":111,"column":12},"end":{"line":177,"column":3}},"line":111},"9":{"name":"(anonymous_9)","decl":{"start":{"line":136,"column":30},"end":{"line":136,"column":31}},"loc":{"start":{"line":136,"column":40},"end":{"line":136,"column":61}},"line":136},"10":{"name":"mapStateToProps","decl":{"start":{"line":180,"column":9},"end":{"line":180,"column":24}},"loc":{"start":{"line":180,"column":32},"end":{"line":182,"column":1}},"line":180},"11":{"name":"(anonymous_11)","decl":{"start":{"line":184,"column":27},"end":{"line":184,"column":28}},"loc":{"start":{"line":184,"column":40},"end":{"line":186,"column":1}},"line":184},"12":{"name":"(anonymous_12)","decl":{"start":{"line":185,"column":14},"end":{"line":185,"column":15}},"loc":{"start":{"line":185,"column":25},"end":{"line":185,"column":54}},"line":185}},"branchMap":{"0":{"loc":{"start":{"line":23,"column":19},"end":{"line":23,"column":110}},"type":"cond-expr","locations":[{"start":{"line":23,"column":64},"end":{"line":23,"column":103}},{"start":{"line":23,"column":106},"end":{"line":23,"column":110}}],"line":23},"1":{"loc":{"start":{"line":27,"column":12},"end":{"line":27,"column":52}},"type":"cond-expr","locations":[{"start":{"line":27,"column":31},"end":{"line":27,"column":39}},{"start":{"line":27,"column":42},"end":{"line":27,"column":52}}],"line":27},"2":{"loc":{"start":{"line":46,"column":4},"end":{"line":50,"column":5}},"type":"if","locations":[{"start":{"line":46,"column":4},"end":{"line":50,"column":5}},{"start":{"line":46,"column":4},"end":{"line":50,"column":5}}],"line":46},"3":{"loc":{"start":{"line":54,"column":4},"end":{"line":67,"column":5}},"type":"if","locations":[{"start":{"line":54,"column":4},"end":{"line":67,"column":5}},{"start":{"line":54,"column":4},"end":{"line":67,"column":5}}],"line":54},"4":{"loc":{"start":{"line":55,"column":6},"end":{"line":63,"column":7}},"type":"if","locations":[{"start":{"line":55,"column":6},"end":{"line":63,"column":7}},{"start":{"line":55,"column":6},"end":{"line":63,"column":7}}],"line":55},"5":{"loc":{"start":{"line":58,"column":13},"end":{"line":63,"column":7}},"type":"if","locations":[{"start":{"line":58,"column":13},"end":{"line":63,"column":7}},{"start":{"line":58,"column":13},"end":{"line":63,"column":7}}],"line":58},"6":{"loc":{"start":{"line":115,"column":4},"end":{"line":126,"column":5}},"type":"if","locations":[{"start":{"line":115,"column":4},"end":{"line":126,"column":5}},{"start":{"line":115,"column":4},"end":{"line":126,"column":5}}],"line":115}},"s":{"0":8,"1":8,"2":8,"3":8,"4":8,"5":8,"6":8,"7":8,"8":8,"9":2,"10":1,"11":1,"12":4,"13":3,"14":1,"15":1,"16":2,"17":1,"18":1,"19":1,"20":1,"21":1,"22":1,"23":0,"24":0,"25":0,"26":0,"27":0,"28":10,"29":10,"30":10,"31":0,"32":10,"33":0,"34":3,"35":0,"36":0,"37":3},"f":{"0":8,"1":2,"2":4,"3":1,"4":0,"5":0,"6":0,"7":0,"8":10,"9":0,"10":0,"11":0,"12":0},"b":{"0":[8,0],"1":[0,8],"2":[1,1],"3":[3,1],"4":[1,2],"5":[1,1],"6":[10,0]},"_coverageSchema":"332fd63041d2c1bcb487cc26dd0d5f7d97098a6c","hash":"bd41c07134963e99221a846389aaa2cc60562dbf"}
,"/mnt/f/Koding/NTNU/it2810-webutvikling-h18-prosjekt-3-50/src/components/ExerciseList.js": {"path":"/mnt/f/Koding/NTNU/it2810-webutvikling-h18-prosjekt-3-50/src/components/ExerciseList.js","statementMap":{"0":{"start":{"line":11,"column":4},"end":{"line":11,"column":25}},"1":{"start":{"line":13,"column":4},"end":{"line":13,"column":36}},"2":{"start":{"line":14,"column":4},"end":{"line":14,"column":42}},"3":{"start":{"line":18,"column":4},"end":{"line":18,"column":49}},"4":{"start":{"line":22,"column":4},"end":{"line":22,"column":39}},"5":{"start":{"line":26,"column":4},"end":{"line":71,"column":5}},"6":{"start":{"line":47,"column":12},"end":{"line":66,"column":23}},"7":{"start":{"line":49,"column":32},"end":{"line":49,"column":77}},"8":{"start":{"line":60,"column":34},"end":{"line":60,"column":56}},"9":{"start":{"line":76,"column":2},"end":{"line":84,"column":3}},"10":{"start":{"line":77,"column":4},"end":{"line":79,"column":5}},"11":{"start":{"line":81,"column":4},"end":{"line":83,"column":5}},"12":{"start":{"line":87,"column":27},"end":{"line":89,"column":2}},"13":{"start":{"line":87,"column":40},"end":{"line":89,"column":1}},"14":{"start":{"line":88,"column":30},"end":{"line":88,"column":64}},"15":{"start":{"line":93,"column":15},"end":{"line":104,"column":2}}},"fnMap":{"0":{"name":"(anonymous_0)","decl":{"start":{"line":10,"column":2},"end":{"line":10,"column":3}},"loc":{"start":{"line":10,"column":31},"end":{"line":15,"column":3}},"line":10},"1":{"name":"(anonymous_1)","decl":{"start":{"line":17,"column":2},"end":{"line":17,"column":3}},"loc":{"start":{"line":17,"column":10},"end":{"line":19,"column":3}},"line":17},"2":{"name":"(anonymous_2)","decl":{"start":{"line":21,"column":2},"end":{"line":21,"column":3}},"loc":{"start":{"line":21,"column":21},"end":{"line":23,"column":3}},"line":21},"3":{"name":"(anonymous_3)","decl":{"start":{"line":25,"column":2},"end":{"line":25,"column":3}},"loc":{"start":{"line":25,"column":12},"end":{"line":72,"column":3}},"line":25},"4":{"name":"(anonymous_4)","decl":{"start":{"line":46,"column":36},"end":{"line":46,"column":37}},"loc":{"start":{"line":47,"column":12},"end":{"line":66,"column":23}},"line":47},"5":{"name":"(anonymous_5)","decl":{"start":{"line":49,"column":25},"end":{"line":49,"column":26}},"loc":{"start":{"line":49,"column":31},"end":{"line":49,"column":78}},"line":49},"6":{"name":"(anonymous_6)","decl":{"start":{"line":60,"column":27},"end":{"line":60,"column":28}},"loc":{"start":{"line":60,"column":33},"end":{"line":60,"column":57}},"line":60},"7":{"name":"mapStateToProps","decl":{"start":{"line":75,"column":9},"end":{"line":75,"column":24}},"loc":{"start":{"line":75,"column":31},"end":{"line":85,"column":1}},"line":75},"8":{"name":"(anonymous_8)","decl":{"start":{"line":87,"column":27},"end":{"line":87,"column":28}},"loc":{"start":{"line":87,"column":40},"end":{"line":89,"column":1}},"line":87},"9":{"name":"(anonymous_9)","decl":{"start":{"line":88,"column":18},"end":{"line":88,"column":19}},"loc":{"start":{"line":88,"column":30},"end":{"line":88,"column":64}},"line":88}},"branchMap":{"0":{"loc":{"start":{"line":76,"column":2},"end":{"line":84,"column":3}},"type":"if","locations":[{"start":{"line":76,"column":2},"end":{"line":84,"column":3}},{"start":{"line":76,"column":2},"end":{"line":84,"column":3}}],"line":76}},"s":{"0":6,"1":6,"2":6,"3":1,"4":1,"5":8,"6":2,"7":0,"8":1,"9":0,"10":0,"11":0,"12":4,"13":0,"14":0,"15":4},"f":{"0":6,"1":1,"2":1,"3":8,"4":2,"5":0,"6":1,"7":0,"8":0,"9":0},"b":{"0":[0,0]},"_coverageSchema":"332fd63041d2c1bcb487cc26dd0d5f7d97098a6c","hash":"76bc9ee5466edac3c5bbdba746e4b1bc3fe2b8b2"}
,"/mnt/f/Koding/NTNU/it2810-webutvikling-h18-prosjekt-3-50/src/components/Home.js": {"path":"/mnt/f/Koding/NTNU/it2810-webutvikling-h18-prosjekt-3-50/src/components/Home.js","statementMap":{"0":{"start":{"line":17,"column":4},"end":{"line":35,"column":5}},"1":{"start":{"line":28,"column":25},"end":{"line":28,"column":72}}},"fnMap":{"0":{"name":"(anonymous_0)","decl":{"start":{"line":16,"column":2},"end":{"line":16,"column":3}},"loc":{"start":{"line":16,"column":11},"end":{"line":36,"column":3}},"line":16},"1":{"name":"(anonymous_1)","decl":{"start":{"line":28,"column":19},"end":{"line":28,"column":20}},"loc":{"start":{"line":28,"column":25},"end":{"line":28,"column":72}},"line":28}},"branchMap":{},"s":{"0":2,"1":1},"f":{"0":2,"1":1},"b":{},"_coverageSchema":"332fd63041d2c1bcb487cc26dd0d5f7d97098a6c","hash":"1d55e586f80340f664415ce3e7ecdc1aa688dc5a"}
,"/mnt/f/Koding/NTNU/it2810-webutvikling-h18-prosjekt-3-50/src/components/PedometerSensor.js": {"path":"/mnt/f/Koding/NTNU/it2810-webutvikling-h18-prosjekt-3-50/src/components/PedometerSensor.js","statementMap":{"0":{"start":{"line":7,"column":14},"end":{"line":14,"column":1}},"1":{"start":{"line":15,"column":24},"end":{"line":15,"column":25}},"2":{"start":{"line":16,"column":19},"end":{"line":16,"column":20}},"3":{"start":{"line":21,"column":4},"end":{"line":21,"column":25}},"4":{"start":{"line":22,"column":4},"end":{"line":28,"column":5}},"5":{"start":{"line":35,"column":4},"end":{"line":35,"column":21}},"6":{"start":{"line":39,"column":4},"end":{"line":39,"column":23}},"7":{"start":{"line":43,"column":4},"end":{"line":48,"column":4}},"8":{"start":{"line":44,"column":6},"end":{"line":47,"column":6}},"9":{"start":{"line":50,"column":2},"end":{"line":61,"column":3}},"10":{"start":{"line":52,"column":6},"end":{"line":54,"column":8}},"11":{"start":{"line":57,"column":6},"end":{"line":59,"column":8}},"12":{"start":{"line":63,"column":14},"end":{"line":63,"column":24}},"13":{"start":{"line":64,"column":16},"end":{"line":64,"column":26}},"14":{"start":{"line":65,"column":2},"end":{"line":65,"column":35}},"15":{"start":{"line":66,"column":2},"end":{"line":78,"column":3}},"16":{"start":{"line":68,"column":6},"end":{"line":71,"column":9}},"17":{"start":{"line":74,"column":6},"end":{"line":76,"column":8}},"18":{"start":{"line":82,"column":2},"end":{"line":82,"column":52}},"19":{"start":{"line":83,"column":2},"end":{"line":83,"column":28}},"20":{"start":{"line":87,"column":2},"end":{"line":131,"column":3}},"21":{"start":{"line":88,"column":4},"end":{"line":120,"column":5}},"22":{"start":{"line":101,"column":12},"end":{"line":114,"column":13}},"23":{"start":{"line":109,"column":16},"end":{"line":112,"column":18}},"24":{"start":{"line":124,"column":4},"end":{"line":130,"column":5}},"25":{"start":{"line":135,"column":15},"end":{"line":144,"column":2}}},"fnMap":{"0":{"name":"(anonymous_0)","decl":{"start":{"line":20,"column":2},"end":{"line":20,"column":3}},"loc":{"start":{"line":20,"column":29},"end":{"line":29,"column":3}},"line":20},"1":{"name":"(anonymous_1)","decl":{"start":{"line":34,"column":2},"end":{"line":34,"column":3}},"loc":{"start":{"line":34,"column":22},"end":{"line":36,"column":3}},"line":34},"2":{"name":"(anonymous_2)","decl":{"start":{"line":38,"column":2},"end":{"line":38,"column":3}},"loc":{"start":{"line":38,"column":25},"end":{"line":40,"column":3}},"line":38},"3":{"name":"(anonymous_3)","decl":{"start":{"line":42,"column":15},"end":{"line":42,"column":16}},"loc":{"start":{"line":42,"column":21},"end":{"line":79,"column":3}},"line":42},"4":{"name":"(anonymous_4)","decl":{"start":{"line":43,"column":50},"end":{"line":43,"column":51}},"loc":{"start":{"line":43,"column":60},"end":{"line":48,"column":3}},"line":43},"5":{"name":"(anonymous_5)","decl":{"start":{"line":51,"column":4},"end":{"line":51,"column":5}},"loc":{"start":{"line":51,"column":14},"end":{"line":55,"column":5}},"line":51},"6":{"name":"(anonymous_6)","decl":{"start":{"line":56,"column":4},"end":{"line":56,"column":5}},"loc":{"start":{"line":56,"column":13},"end":{"line":60,"column":5}},"line":56},"7":{"name":"(anonymous_7)","decl":{"start":{"line":67,"column":4},"end":{"line":67,"column":5}},"loc":{"start":{"line":67,"column":14},"end":{"line":72,"column":5}},"line":67},"8":{"name":"(anonymous_8)","decl":{"start":{"line":73,"column":4},"end":{"line":73,"column":5}},"loc":{"start":{"line":73,"column":13},"end":{"line":77,"column":5}},"line":73},"9":{"name":"(anonymous_9)","decl":{"start":{"line":81,"column":15},"end":{"line":81,"column":16}},"loc":{"start":{"line":81,"column":21},"end":{"line":84,"column":1}},"line":81},"10":{"name":"(anonymous_10)","decl":{"start":{"line":86,"column":0},"end":{"line":86,"column":1}},"loc":{"start":{"line":86,"column":9},"end":{"line":132,"column":1}},"line":86},"11":{"name":"(anonymous_11)","decl":{"start":{"line":100,"column":59},"end":{"line":100,"column":60}},"loc":{"start":{"line":101,"column":12},"end":{"line":114,"column":13}},"line":101},"12":{"name":"(anonymous_12)","decl":{"start":{"line":108,"column":14},"end":{"line":108,"column":15}},"loc":{"start":{"line":108,"column":29},"end":{"line":113,"column":15}},"line":108}},"branchMap":{"0":{"loc":{"start":{"line":82,"column":2},"end":{"line":82,"column":51}},"type":"binary-expr","locations":[{"start":{"line":82,"column":2},"end":{"line":82,"column":20}},{"start":{"line":82,"column":24},"end":{"line":82,"column":51}}],"line":82},"1":{"loc":{"start":{"line":87,"column":2},"end":{"line":131,"column":3}},"type":"if","locations":[{"start":{"line":87,"column":2},"end":{"line":131,"column":3}},{"start":{"line":87,"column":2},"end":{"line":131,"column":3}}],"line":87},"2":{"loc":{"start":{"line":93,"column":20},"end":{"line":93,"column":66}},"type":"cond-expr","locations":[{"start":{"line":93,"column":44},"end":{"line":93,"column":54}},{"start":{"line":93,"column":57},"end":{"line":93,"column":66}}],"line":93}},"s":{"0":2,"1":2,"2":2,"3":0,"4":0,"5":0,"6":0,"7":0,"8":0,"9":0,"10":0,"11":0,"12":0,"13":0,"14":0,"15":0,"16":0,"17":0,"18":0,"19":0,"20":0,"21":0,"22":0,"23":0,"24":0,"25":2},"f":{"0":0,"1":0,"2":0,"3":0,"4":0,"5":0,"6":0,"7":0,"8":0,"9":0,"10":0,"11":0,"12":0},"b":{"0":[0,0],"1":[0,0],"2":[0,0]},"_coverageSchema":"332fd63041d2c1bcb487cc26dd0d5f7d97098a6c","hash":"b3b27a03a6e6faa53d05cf62022ec80e513ae9e5"}
,"/mnt/f/Koding/NTNU/it2810-webutvikling-h18-prosjekt-3-50/src/components/ShowSession.js": {"path":"/mnt/f/Koding/NTNU/it2810-webutvikling-h18-prosjekt-3-50/src/components/ShowSession.js","statementMap":{"0":{"start":{"line":10,"column":4},"end":{"line":10,"column":25}},"1":{"start":{"line":12,"column":4},"end":{"line":12,"column":50}},"2":{"start":{"line":16,"column":4},"end":{"line":27,"column":5}},"3":{"start":{"line":17,"column":6},"end":{"line":17,"column":55}},"4":{"start":{"line":18,"column":11},"end":{"line":27,"column":5}},"5":{"start":{"line":19,"column":6},"end":{"line":19,"column":40}},"6":{"start":{"line":21,"column":6},"end":{"line":26,"column":13}},"7":{"start":{"line":31,"column":17},"end":{"line":31,"column":32}},"8":{"start":{"line":32,"column":18},"end":{"line":32,"column":36}},"9":{"start":{"line":34,"column":4},"end":{"line":88,"column":5}},"10":{"start":{"line":35,"column":6},"end":{"line":41,"column":7}},"11":{"start":{"line":43,"column":31},"end":{"line":43,"column":33}},"12":{"start":{"line":44,"column":24},"end":{"line":44,"column":26}},"13":{"start":{"line":45,"column":23},"end":{"line":45,"column":48}},"14":{"start":{"line":47,"column":6},"end":{"line":87,"column":7}},"15":{"start":{"line":93,"column":2},"end":{"line":96,"column":3}}},"fnMap":{"0":{"name":"(anonymous_0)","decl":{"start":{"line":9,"column":2},"end":{"line":9,"column":3}},"loc":{"start":{"line":9,"column":31},"end":{"line":13,"column":3}},"line":9},"1":{"name":"(anonymous_1)","decl":{"start":{"line":15,"column":2},"end":{"line":15,"column":3}},"loc":{"start":{"line":15,"column":24},"end":{"line":28,"column":3}},"line":15},"2":{"name":"(anonymous_2)","decl":{"start":{"line":30,"column":2},"end":{"line":30,"column":3}},"loc":{"start":{"line":30,"column":12},"end":{"line":89,"column":3}},"line":30},"3":{"name":"mapStateToProps","decl":{"start":{"line":92,"column":9},"end":{"line":92,"column":24}},"loc":{"start":{"line":92,"column":31},"end":{"line":97,"column":1}},"line":92}},"branchMap":{"0":{"loc":{"start":{"line":16,"column":4},"end":{"line":27,"column":5}},"type":"if","locations":[{"start":{"line":16,"column":4},"end":{"line":27,"column":5}},{"start":{"line":16,"column":4},"end":{"line":27,"column":5}}],"line":16},"1":{"loc":{"start":{"line":18,"column":11},"end":{"line":27,"column":5}},"type":"if","locations":[{"start":{"line":18,"column":11},"end":{"line":27,"column":5}},{"start":{"line":18,"column":11},"end":{"line":27,"column":5}}],"line":18},"2":{"loc":{"start":{"line":34,"column":4},"end":{"line":88,"column":5}},"type":"if","locations":[{"start":{"line":34,"column":4},"end":{"line":88,"column":5}},{"start":{"line":34,"column":4},"end":{"line":88,"column":5}}],"line":34}},"s":{"0":4,"1":4,"2":3,"3":1,"4":2,"5":1,"6":1,"7":4,"8":4,"9":4,"10":4,"11":0,"12":0,"13":0,"14":0,"15":0},"f":{"0":4,"1":3,"2":4,"3":0},"b":{"0":[1,2],"1":[1,1],"2":[4,0]},"_coverageSchema":"332fd63041d2c1bcb487cc26dd0d5f7d97098a6c","hash":"4bcf50b631843630d9f8502920e6e0aa8568e278"}
}
