{"/mnt/f/Koding/NTNU/it2810-webutvikling-h18-prosjekt-3-50/App.js": {"path":"/mnt/f/Koding/NTNU/it2810-webutvikling-h18-prosjekt-3-50/App.js","statementMap":{"0":{"start":{"line":1,"column":0},"end":{"line":null,"column":-1}},"1":{"start":{"line":2,"column":0},"end":{"line":null,"column":-1}},"2":{"start":{"line":3,"column":0},"end":{"line":null,"column":-1}},"3":{"start":{"line":4,"column":0},"end":{"line":null,"column":-1}},"4":{"start":{"line":5,"column":0},"end":{"line":null,"column":-1}},"5":{"start":{"line":7,"column":0},"end":{"line":null,"column":-1}},"6":{"start":{"line":8,"column":0},"end":{"line":null,"column":-1}},"7":{"start":{"line":9,"column":0},"end":{"line":null,"column":-1}},"8":{"start":{"line":10,"column":0},"end":{"line":null,"column":-1}},"9":{"start":{"line":12,"column":0},"end":{"line":null,"column":-1}},"10":{"start":{"line":13,"column":0},"end":{"line":null,"column":-1}},"11":{"start":{"line":14,"column":0},"end":{"line":null,"column":-1}},"12":{"start":{"line":16,"column":0},"end":{"line":null,"column":-1}},"13":{"start":{"line":23,"column":4},"end":{"line":null,"column":-1}},"14":{"start":{"line":27,"column":4},"end":{"line":null,"column":-1}},"15":{"start":{"line":39,"column":18},"end":{"line":39,"column":0}}},"fnMap":{},"branchMap":{},"s":{"0":0,"1":0,"2":0,"3":0,"4":0,"5":0,"6":0,"7":0,"8":0,"9":0,"10":0,"11":0,"12":0,"13":0,"14":0,"15":0},"f":{},"b":{}}
,"/mnt/f/Koding/NTNU/it2810-webutvikling-h18-prosjekt-3-50/store.js": {"path":"/mnt/f/Koding/NTNU/it2810-webutvikling-h18-prosjekt-3-50/store.js","statementMap":{"0":{"start":{"line":4,"column":0},"end":{"line":null,"column":-1}},"1":{"start":{"line":5,"column":0},"end":{"line":null,"column":-1}},"2":{"start":{"line":7,"column":14},"end":{"line":7,"column":0}}},"fnMap":{},"branchMap":{},"s":{"0":0,"1":0,"2":0},"f":{},"b":{}}
,"/mnt/f/Koding/NTNU/it2810-webutvikling-h18-prosjekt-3-50/actions/UserActions.js": {"path":"/mnt/f/Koding/NTNU/it2810-webutvikling-h18-prosjekt-3-50/actions/UserActions.js","statementMap":{"0":{"start":{"line":1,"column":0},"end":{"line":null,"column":-1}},"1":{"start":{"line":5,"column":13},"end":{"line":5,"column":7}},"2":{"start":{"line":6,"column":2},"end":{"line":null,"column":-1}}},"fnMap":{"0":{"name":"userAddAppointmentSynchronousAction","decl":{"start":{"line":5,"column":13},"end":{"line":5,"column":51}},"loc":{"start":{"line":5,"column":85},"end":{"line":5,"column":7}}}},"branchMap":{},"s":{"0":0,"1":0,"2":0},"f":{"0":0},"b":{}}
,"/mnt/f/Koding/NTNU/it2810-webutvikling-h18-prosjekt-3-50/actions/index.js": {"path":"/mnt/f/Koding/NTNU/it2810-webutvikling-h18-prosjekt-3-50/actions/index.js","statementMap":{"0":{"start":{"line":1,"column":0},"end":{"line":null,"column":-1}}},"fnMap":{"0":{"name":"(anonymous_0)","decl":{"start":{"line":1,"column":0},"end":{"line":null,"column":-1}},"loc":{"start":{"line":1,"column":0},"end":{"line":null,"column":-1}}}},"branchMap":{"0":{"loc":{"start":{"line":1,"column":0},"end":{"line":null,"column":-1}},"type":"if","locations":[{"start":{"line":1,"column":0},"end":{"line":null,"column":-1}},{"start":{"line":1,"column":0},"end":{"line":null,"column":-1}}]}},"s":{"0":0},"f":{"0":0},"b":{"0":[0,0]}}
,"/mnt/f/Koding/NTNU/it2810-webutvikling-h18-prosjekt-3-50/actions/types.js": {"path":"/mnt/f/Koding/NTNU/it2810-webutvikling-h18-prosjekt-3-50/actions/types.js","statementMap":{"0":{"start":{"line":1,"column":13},"end":{"line":1,"column":7}}},"fnMap":{},"branchMap":{},"s":{"0":0},"f":{},"b":{}}
,"/mnt/f/Koding/NTNU/it2810-webutvikling-h18-prosjekt-3-50/reducers/UserReducer.js": {"path":"/mnt/f/Koding/NTNU/it2810-webutvikling-h18-prosjekt-3-50/reducers/UserReducer.js","statementMap":{"0":{"start":{"line":39,"column":57},"end":{"line":39,"column":56}},"1":{"start":{"line":39,"column":57},"end":{"line":null,"column":-1}},"2":{"start":{"line":40,"column":2},"end":{"line":null,"column":-1}},"3":{"start":{"line":42,"column":10},"end":{"line":42,"column":6}},"4":{"start":{"line":43,"column":45},"end":{"line":41,"column":4}},"5":{"start":{"line":41,"column":4},"end":{"line":41,"column":3}},"6":{"start":{"line":44,"column":6},"end":{"line":null,"column":-1}},"7":{"start":{"line":45,"column":6},"end":{"line":null,"column":-1}},"8":{"start":{"line":47,"column":6},"end":{"line":null,"column":-1}},"9":{"start":{"line":1,"column":0},"end":{"line":null,"column":-1}},"10":{"start":{"line":5,"column":22},"end":{"line":5,"column":0}},"11":{"start":{"line":29,"column":29},"end":{"line":29,"column":0}},"12":{"start":{"line":30,"column":2},"end":{"line":null,"column":-1}},"13":{"start":{"line":31,"column":2},"end":{"line":null,"column":-1}}},"fnMap":{"0":{"name":"createNewAppointment","decl":{"start":{"line":29,"column":6},"end":{"line":29,"column":29}},"loc":{"start":{"line":29,"column":71},"end":{"line":29,"column":0}}}},"branchMap":{"0":{"loc":{"start":{"line":39,"column":57},"end":{"line":39,"column":32}},"type":"cond-expr","locations":[{"start":{"line":39,"column":57},"end":{"line":39,"column":32}},{"start":{"line":39,"column":33},"end":{"line":39,"column":57}}]},"1":{"loc":{"start":{"line":39,"column":57},"end":{"line":39,"column":32}},"type":"binary-expr","locations":[{"start":{"line":39,"column":57},"end":{"line":39,"column":32}},{"start":{"line":39,"column":57},"end":{"line":39,"column":32}}]},"2":{"loc":{"start":{"line":41,"column":4},"end":{"line":45,"column":6}},"type":"switch","locations":[{"start":{"line":41,"column":4},"end":{"line":45,"column":6}},{"start":{"line":46,"column":4},"end":{"line":47,"column":6}}]}},"s":{"0":0,"1":0,"2":0,"3":0,"4":0,"5":0,"6":0,"7":0,"8":0,"9":0,"10":0,"11":0,"12":0,"13":0},"f":{"0":0},"b":{"0":[0,0],"1":[0,0],"2":[0,0]}}
,"/mnt/f/Koding/NTNU/it2810-webutvikling-h18-prosjekt-3-50/reducers/index.js": {"path":"/mnt/f/Koding/NTNU/it2810-webutvikling-h18-prosjekt-3-50/reducers/index.js","statementMap":{"0":{"start":{"line":1,"column":0},"end":{"line":null,"column":-1}},"1":{"start":{"line":2,"column":0},"end":{"line":null,"column":-1}}},"fnMap":{},"branchMap":{},"s":{"0":0,"1":0},"f":{},"b":{}}
,"/mnt/f/Koding/NTNU/it2810-webutvikling-h18-prosjekt-3-50/src/components/AddExercise.js": {"path":"/mnt/f/Koding/NTNU/it2810-webutvikling-h18-prosjekt-3-50/src/components/AddExercise.js","statementMap":{"0":{"start":{"line":11,"column":4},"end":{"line":11,"column":25}},"1":{"start":{"line":12,"column":4},"end":{"line":17,"column":5}},"2":{"start":{"line":19,"column":4},"end":{"line":19,"column":50}},"3":{"start":{"line":20,"column":4},"end":{"line":20,"column":60}},"4":{"start":{"line":21,"column":4},"end":{"line":21,"column":46}},"5":{"start":{"line":27,"column":4},"end":{"line":29,"column":5}},"6":{"start":{"line":28,"column":6},"end":{"line":28,"column":51}},"7":{"start":{"line":34,"column":4},"end":{"line":45,"column":5}},"8":{"start":{"line":35,"column":6},"end":{"line":41,"column":7}},"9":{"start":{"line":36,"column":10},"end":{"line":36,"column":60}},"10":{"start":{"line":37,"column":10},"end":{"line":37,"column":22}},"11":{"start":{"line":39,"column":8},"end":{"line":39,"column":52}},"12":{"start":{"line":40,"column":8},"end":{"line":40,"column":19}},"13":{"start":{"line":43,"column":6},"end":{"line":43,"column":60}},"14":{"start":{"line":44,"column":6},"end":{"line":44,"column":18}},"15":{"start":{"line":50,"column":4},"end":{"line":54,"column":6}},"16":{"start":{"line":59,"column":4},"end":{"line":137,"column":5}},"17":{"start":{"line":66,"column":40},"end":{"line":66,"column":61}},"18":{"start":{"line":86,"column":42},"end":{"line":86,"column":63}},"19":{"start":{"line":101,"column":42},"end":{"line":101,"column":63}},"20":{"start":{"line":117,"column":40},"end":{"line":117,"column":59}},"21":{"start":{"line":143,"column":15},"end":{"line":145,"column":2}}},"fnMap":{"0":{"name":"(anonymous_0)","decl":{"start":{"line":10,"column":2},"end":{"line":10,"column":3}},"loc":{"start":{"line":10,"column":30},"end":{"line":22,"column":3}},"line":10},"1":{"name":"(anonymous_1)","decl":{"start":{"line":24,"column":2},"end":{"line":24,"column":3}},"loc":{"start":{"line":24,"column":16},"end":{"line":31,"column":3}},"line":24},"2":{"name":"(anonymous_2)","decl":{"start":{"line":33,"column":2},"end":{"line":33,"column":3}},"loc":{"start":{"line":33,"column":21},"end":{"line":47,"column":3}},"line":33},"3":{"name":"(anonymous_3)","decl":{"start":{"line":49,"column":2},"end":{"line":49,"column":3}},"loc":{"start":{"line":49,"column":18},"end":{"line":55,"column":3}},"line":49},"4":{"name":"(anonymous_4)","decl":{"start":{"line":57,"column":2},"end":{"line":57,"column":3}},"loc":{"start":{"line":57,"column":11},"end":{"line":138,"column":3}},"line":57},"5":{"name":"(anonymous_5)","decl":{"start":{"line":66,"column":30},"end":{"line":66,"column":31}},"loc":{"start":{"line":66,"column":40},"end":{"line":66,"column":61}},"line":66},"6":{"name":"(anonymous_6)","decl":{"start":{"line":86,"column":32},"end":{"line":86,"column":33}},"loc":{"start":{"line":86,"column":42},"end":{"line":86,"column":63}},"line":86},"7":{"name":"(anonymous_7)","decl":{"start":{"line":101,"column":32},"end":{"line":101,"column":33}},"loc":{"start":{"line":101,"column":42},"end":{"line":101,"column":63}},"line":101},"8":{"name":"(anonymous_8)","decl":{"start":{"line":117,"column":32},"end":{"line":117,"column":33}},"loc":{"start":{"line":117,"column":40},"end":{"line":117,"column":59}},"line":117}},"branchMap":{"0":{"loc":{"start":{"line":27,"column":4},"end":{"line":29,"column":5}},"type":"if","locations":[{"start":{"line":27,"column":4},"end":{"line":29,"column":5}},{"start":{"line":27,"column":4},"end":{"line":29,"column":5}}],"line":27},"1":{"loc":{"start":{"line":34,"column":4},"end":{"line":45,"column":5}},"type":"if","locations":[{"start":{"line":34,"column":4},"end":{"line":45,"column":5}},{"start":{"line":34,"column":4},"end":{"line":45,"column":5}}],"line":34},"2":{"loc":{"start":{"line":35,"column":6},"end":{"line":41,"column":7}},"type":"if","locations":[{"start":{"line":35,"column":6},"end":{"line":41,"column":7}},{"start":{"line":35,"column":6},"end":{"line":41,"column":7}}],"line":35},"3":{"loc":{"start":{"line":35,"column":10},"end":{"line":35,"column":60}},"type":"binary-expr","locations":[{"start":{"line":35,"column":10},"end":{"line":35,"column":33}},{"start":{"line":35,"column":37},"end":{"line":35,"column":60}}],"line":35}},"s":{"0":2,"1":2,"2":2,"3":2,"4":2,"5":0,"6":0,"7":4,"8":4,"9":3,"10":3,"11":1,"12":1,"13":0,"14":0,"15":0,"16":2,"17":0,"18":0,"19":0,"20":0,"21":3},"f":{"0":2,"1":0,"2":4,"3":0,"4":2,"5":0,"6":0,"7":0,"8":0},"b":{"0":[0,0],"1":[4,0],"2":[3,1],"3":[4,2]},"_coverageSchema":"332fd63041d2c1bcb487cc26dd0d5f7d97098a6c","hash":"1447258389557d92efb65d7580c9d650425c020e"}
,"/mnt/f/Koding/NTNU/it2810-webutvikling-h18-prosjekt-3-50/src/components/CalendarView.js": {"path":"/mnt/f/Koding/NTNU/it2810-webutvikling-h18-prosjekt-3-50/src/components/CalendarView.js","statementMap":{"0":{"start":{"line":7,"column":3},"end":{"line":7,"column":12}},"1":{"start":{"line":11,"column":3},"end":{"line":11,"column":55}},"2":{"start":{"line":15,"column":21},"end":{"line":15,"column":78}},"3":{"start":{"line":16,"column":21},"end":{"line":16,"column":79}},"4":{"start":{"line":17,"column":24},"end":{"line":17,"column":60}},"5":{"start":{"line":19,"column":4},"end":{"line":26,"column":5}},"6":{"start":{"line":23,"column":37},"end":{"line":23,"column":69}}},"fnMap":{"0":{"name":"(anonymous_0)","decl":{"start":{"line":6,"column":2},"end":{"line":6,"column":3}},"loc":{"start":{"line":6,"column":17},"end":{"line":8,"column":3}},"line":6},"1":{"name":"(anonymous_1)","decl":{"start":{"line":10,"column":2},"end":{"line":10,"column":3}},"loc":{"start":{"line":10,"column":20},"end":{"line":12,"column":3}},"line":10},"2":{"name":"(anonymous_2)","decl":{"start":{"line":14,"column":2},"end":{"line":14,"column":3}},"loc":{"start":{"line":14,"column":12},"end":{"line":27,"column":3}},"line":14},"3":{"name":"(anonymous_3)","decl":{"start":{"line":23,"column":26},"end":{"line":23,"column":27}},"loc":{"start":{"line":23,"column":35},"end":{"line":23,"column":71}},"line":23}},"branchMap":{},"s":{"0":0,"1":0,"2":1,"3":1,"4":1,"5":1,"6":0},"f":{"0":0,"1":0,"2":1,"3":0},"b":{},"_coverageSchema":"332fd63041d2c1bcb487cc26dd0d5f7d97098a6c","hash":"00d8e8e6b81b26db6199b9db0bcbcddead79dbc0"}
,"/mnt/f/Koding/NTNU/it2810-webutvikling-h18-prosjekt-3-50/src/components/ContactList.js": {"path":"/mnt/f/Koding/NTNU/it2810-webutvikling-h18-prosjekt-3-50/src/components/ContactList.js","statementMap":{"0":{"start":{"line":5,"column":22},"end":{"line":5,"column":56}},"1":{"start":{"line":10,"column":4},"end":{"line":10,"column":25}},"2":{"start":{"line":11,"column":4},"end":{"line":14,"column":5}},"3":{"start":{"line":16,"column":4},"end":{"line":16,"column":40}},"4":{"start":{"line":17,"column":4},"end":{"line":17,"column":62}},"5":{"start":{"line":22,"column":4},"end":{"line":22,"column":63}},"6":{"start":{"line":27,"column":4},"end":{"line":29,"column":7}},"7":{"start":{"line":27,"column":32},"end":{"line":29,"column":5}},"8":{"start":{"line":28,"column":63},"end":{"line":28,"column":80}},"9":{"start":{"line":33,"column":4},"end":{"line":37,"column":5}},"10":{"start":{"line":34,"column":6},"end":{"line":36,"column":9}},"11":{"start":{"line":34,"column":34},"end":{"line":36,"column":7}},"12":{"start":{"line":42,"column":4},"end":{"line":42,"column":107}},"13":{"start":{"line":42,"column":58},"end":{"line":42,"column":106}},"14":{"start":{"line":46,"column":27},"end":{"line":48,"column":5}},"15":{"start":{"line":50,"column":4},"end":{"line":52,"column":5}},"16":{"start":{"line":51,"column":6},"end":{"line":51,"column":87}},"17":{"start":{"line":54,"column":4},"end":{"line":93,"column":5}},"18":{"start":{"line":66,"column":12},"end":{"line":78,"column":23}}},"fnMap":{"0":{"name":"(anonymous_0)","decl":{"start":{"line":9,"column":2},"end":{"line":9,"column":3}},"loc":{"start":{"line":9,"column":30},"end":{"line":18,"column":3}},"line":9},"1":{"name":"(anonymous_1)","decl":{"start":{"line":20,"column":2},"end":{"line":20,"column":3}},"loc":{"start":{"line":20,"column":11},"end":{"line":23,"column":3}},"line":20},"2":{"name":"(anonymous_2)","decl":{"start":{"line":25,"column":2},"end":{"line":25,"column":3}},"loc":{"start":{"line":25,"column":25},"end":{"line":30,"column":3}},"line":25},"3":{"name":"(anonymous_3)","decl":{"start":{"line":27,"column":18},"end":{"line":27,"column":19}},"loc":{"start":{"line":27,"column":32},"end":{"line":29,"column":5}},"line":27},"4":{"name":"(anonymous_4)","decl":{"start":{"line":28,"column":52},"end":{"line":28,"column":53}},"loc":{"start":{"line":28,"column":63},"end":{"line":28,"column":80}},"line":28},"5":{"name":"(anonymous_5)","decl":{"start":{"line":32,"column":2},"end":{"line":32,"column":3}},"loc":{"start":{"line":32,"column":22},"end":{"line":38,"column":3}},"line":32},"6":{"name":"(anonymous_6)","decl":{"start":{"line":34,"column":20},"end":{"line":34,"column":21}},"loc":{"start":{"line":34,"column":34},"end":{"line":36,"column":7}},"line":34},"7":{"name":"(anonymous_7)","decl":{"start":{"line":41,"column":2},"end":{"line":41,"column":3}},"loc":{"start":{"line":41,"column":22},"end":{"line":43,"column":3}},"line":41},"8":{"name":"(anonymous_8)","decl":{"start":{"line":42,"column":47},"end":{"line":42,"column":48}},"loc":{"start":{"line":42,"column":58},"end":{"line":42,"column":106}},"line":42},"9":{"name":"(anonymous_9)","decl":{"start":{"line":45,"column":2},"end":{"line":45,"column":3}},"loc":{"start":{"line":45,"column":12},"end":{"line":94,"column":3}},"line":45},"10":{"name":"(anonymous_10)","decl":{"start":{"line":65,"column":21},"end":{"line":65,"column":22}},"loc":{"start":{"line":66,"column":12},"end":{"line":78,"column":23}},"line":66}},"branchMap":{"0":{"loc":{"start":{"line":33,"column":4},"end":{"line":37,"column":5}},"type":"if","locations":[{"start":{"line":33,"column":4},"end":{"line":37,"column":5}},{"start":{"line":33,"column":4},"end":{"line":37,"column":5}}],"line":33}},"s":{"0":3,"1":4,"2":4,"3":4,"4":4,"5":0,"6":1,"7":1,"8":2,"9":2,"10":2,"11":2,"12":14,"13":68,"14":12,"15":12,"16":39,"17":12,"18":0},"f":{"0":4,"1":0,"2":1,"3":1,"4":2,"5":2,"6":2,"7":14,"8":68,"9":12,"10":0},"b":{"0":[2,0]},"_coverageSchema":"332fd63041d2c1bcb487cc26dd0d5f7d97098a6c","hash":"ca8cc98f4187ee2b0578b4061fdb5e2c5171e880"}
,"/mnt/f/Koding/NTNU/it2810-webutvikling-h18-prosjekt-3-50/src/components/CreateSession.js": {"path":"/mnt/f/Koding/NTNU/it2810-webutvikling-h18-prosjekt-3-50/src/components/CreateSession.js","statementMap":{"0":{"start":{"line":11,"column":17},"end":{"line":11,"column":51}},"1":{"start":{"line":19,"column":4},"end":{"line":19,"column":25}},"2":{"start":{"line":20,"column":4},"end":{"line":26,"column":5}},"3":{"start":{"line":28,"column":4},"end":{"line":28,"column":42}},"4":{"start":{"line":29,"column":4},"end":{"line":29,"column":50}},"5":{"start":{"line":30,"column":4},"end":{"line":30,"column":58}},"6":{"start":{"line":34,"column":4},"end":{"line":34,"column":36}},"7":{"start":{"line":38,"column":4},"end":{"line":42,"column":5}},"8":{"start":{"line":41,"column":6},"end":{"line":41,"column":44}},"9":{"start":{"line":46,"column":4},"end":{"line":61,"column":5}},"10":{"start":{"line":47,"column":6},"end":{"line":56,"column":7}},"11":{"start":{"line":48,"column":8},"end":{"line":48,"column":48}},"12":{"start":{"line":49,"column":8},"end":{"line":49,"column":20}},"13":{"start":{"line":51,"column":11},"end":{"line":56,"column":7}},"14":{"start":{"line":52,"column":8},"end":{"line":52,"column":60}},"15":{"start":{"line":53,"column":8},"end":{"line":53,"column":20}},"16":{"start":{"line":55,"column":8},"end":{"line":55,"column":19}},"17":{"start":{"line":59,"column":6},"end":{"line":59,"column":60}},"18":{"start":{"line":60,"column":6},"end":{"line":60,"column":18}},"19":{"start":{"line":65,"column":4},"end":{"line":74,"column":6}},"20":{"start":{"line":78,"column":25},"end":{"line":78,"column":46}},"21":{"start":{"line":80,"column":4},"end":{"line":117,"column":5}},"22":{"start":{"line":86,"column":38},"end":{"line":86,"column":59}},"23":{"start":{"line":96,"column":38},"end":{"line":96,"column":58}},"24":{"start":{"line":123,"column":15},"end":{"line":130,"column":2}}},"fnMap":{"0":{"name":"(anonymous_0)","decl":{"start":{"line":18,"column":2},"end":{"line":18,"column":3}},"loc":{"start":{"line":18,"column":30},"end":{"line":31,"column":3}},"line":18},"1":{"name":"(anonymous_1)","decl":{"start":{"line":33,"column":2},"end":{"line":33,"column":3}},"loc":{"start":{"line":33,"column":19},"end":{"line":35,"column":3}},"line":33},"2":{"name":"(anonymous_2)","decl":{"start":{"line":37,"column":2},"end":{"line":37,"column":3}},"loc":{"start":{"line":37,"column":16},"end":{"line":43,"column":3}},"line":37},"3":{"name":"(anonymous_3)","decl":{"start":{"line":45,"column":2},"end":{"line":45,"column":3}},"loc":{"start":{"line":45,"column":20},"end":{"line":62,"column":3}},"line":45},"4":{"name":"(anonymous_4)","decl":{"start":{"line":64,"column":2},"end":{"line":64,"column":3}},"loc":{"start":{"line":64,"column":18},"end":{"line":75,"column":3}},"line":64},"5":{"name":"(anonymous_5)","decl":{"start":{"line":77,"column":2},"end":{"line":77,"column":3}},"loc":{"start":{"line":77,"column":12},"end":{"line":118,"column":3}},"line":77},"6":{"name":"(anonymous_6)","decl":{"start":{"line":86,"column":28},"end":{"line":86,"column":29}},"loc":{"start":{"line":86,"column":38},"end":{"line":86,"column":59}},"line":86},"7":{"name":"(anonymous_7)","decl":{"start":{"line":96,"column":28},"end":{"line":96,"column":29}},"loc":{"start":{"line":96,"column":38},"end":{"line":96,"column":58}},"line":96}},"branchMap":{"0":{"loc":{"start":{"line":38,"column":4},"end":{"line":42,"column":5}},"type":"if","locations":[{"start":{"line":38,"column":4},"end":{"line":42,"column":5}},{"start":{"line":38,"column":4},"end":{"line":42,"column":5}}],"line":38},"1":{"loc":{"start":{"line":46,"column":4},"end":{"line":61,"column":5}},"type":"if","locations":[{"start":{"line":46,"column":4},"end":{"line":61,"column":5}},{"start":{"line":46,"column":4},"end":{"line":61,"column":5}}],"line":46},"2":{"loc":{"start":{"line":47,"column":6},"end":{"line":56,"column":7}},"type":"if","locations":[{"start":{"line":47,"column":6},"end":{"line":56,"column":7}},{"start":{"line":47,"column":6},"end":{"line":56,"column":7}}],"line":47},"3":{"loc":{"start":{"line":51,"column":11},"end":{"line":56,"column":7}},"type":"if","locations":[{"start":{"line":51,"column":11},"end":{"line":56,"column":7}},{"start":{"line":51,"column":11},"end":{"line":56,"column":7}}],"line":51}},"s":{"0":2,"1":5,"2":5,"3":5,"4":5,"5":5,"6":0,"7":0,"8":0,"9":4,"10":3,"11":1,"12":1,"13":2,"14":1,"15":1,"16":1,"17":1,"18":1,"19":0,"20":5,"21":5,"22":0,"23":0,"24":2},"f":{"0":5,"1":0,"2":0,"3":4,"4":0,"5":5,"6":0,"7":0},"b":{"0":[0,0],"1":[3,1],"2":[1,2],"3":[1,1]},"_coverageSchema":"332fd63041d2c1bcb487cc26dd0d5f7d97098a6c","hash":"1cab95e09dbf34ab69297bed779cfdb92cecb5f7"}
,"/mnt/f/Koding/NTNU/it2810-webutvikling-h18-prosjekt-3-50/src/components/ExerciseList.js": {"path":"/mnt/f/Koding/NTNU/it2810-webutvikling-h18-prosjekt-3-50/src/components/ExerciseList.js","statementMap":{"0":{"start":{"line":9,"column":4},"end":{"line":9,"column":25}},"1":{"start":{"line":10,"column":4},"end":{"line":17,"column":5}},"2":{"start":{"line":19,"column":4},"end":{"line":19,"column":46}},"3":{"start":{"line":20,"column":4},"end":{"line":20,"column":36}},"4":{"start":{"line":25,"column":4},"end":{"line":27,"column":7}},"5":{"start":{"line":25,"column":32},"end":{"line":27,"column":5}},"6":{"start":{"line":26,"column":56},"end":{"line":26,"column":84}},"7":{"start":{"line":29,"column":4},"end":{"line":29,"column":20}},"8":{"start":{"line":33,"column":4},"end":{"line":37,"column":6}},"9":{"start":{"line":41,"column":4},"end":{"line":41,"column":49}},"10":{"start":{"line":46,"column":4},"end":{"line":89,"column":5}},"11":{"start":{"line":65,"column":12},"end":{"line":84,"column":23}}},"fnMap":{"0":{"name":"(anonymous_0)","decl":{"start":{"line":8,"column":2},"end":{"line":8,"column":3}},"loc":{"start":{"line":8,"column":30},"end":{"line":21,"column":3}},"line":8},"1":{"name":"(anonymous_1)","decl":{"start":{"line":23,"column":2},"end":{"line":23,"column":3}},"loc":{"start":{"line":23,"column":17},"end":{"line":30,"column":3}},"line":23},"2":{"name":"(anonymous_2)","decl":{"start":{"line":25,"column":18},"end":{"line":25,"column":19}},"loc":{"start":{"line":25,"column":32},"end":{"line":27,"column":5}},"line":25},"3":{"name":"(anonymous_3)","decl":{"start":{"line":26,"column":44},"end":{"line":26,"column":45}},"loc":{"start":{"line":26,"column":56},"end":{"line":26,"column":84}},"line":26},"4":{"name":"(anonymous_4)","decl":{"start":{"line":32,"column":2},"end":{"line":32,"column":3}},"loc":{"start":{"line":32,"column":14},"end":{"line":38,"column":3}},"line":32},"5":{"name":"(anonymous_5)","decl":{"start":{"line":40,"column":2},"end":{"line":40,"column":3}},"loc":{"start":{"line":40,"column":9},"end":{"line":42,"column":3}},"line":40},"6":{"name":"(anonymous_6)","decl":{"start":{"line":44,"column":2},"end":{"line":44,"column":3}},"loc":{"start":{"line":44,"column":12},"end":{"line":90,"column":3}},"line":44},"7":{"name":"(anonymous_7)","decl":{"start":{"line":64,"column":21},"end":{"line":64,"column":22}},"loc":{"start":{"line":65,"column":12},"end":{"line":84,"column":23}},"line":65}},"branchMap":{},"s":{"0":3,"1":3,"2":3,"3":3,"4":1,"5":1,"6":4,"7":1,"8":0,"9":0,"10":5,"11":0},"f":{"0":3,"1":1,"2":1,"3":4,"4":0,"5":0,"6":5,"7":0},"b":{},"_coverageSchema":"332fd63041d2c1bcb487cc26dd0d5f7d97098a6c","hash":"4e208ba5271139ca3f65655782fdc55957f22734"}
,"/mnt/f/Koding/NTNU/it2810-webutvikling-h18-prosjekt-3-50/src/components/ExerciseListEl.js": {"path":"/mnt/f/Koding/NTNU/it2810-webutvikling-h18-prosjekt-3-50/src/components/ExerciseListEl.js","statementMap":{"0":{"start":{"line":9,"column":4},"end":{"line":9,"column":25}},"1":{"start":{"line":11,"column":4},"end":{"line":11,"column":40}},"2":{"start":{"line":16,"column":4},"end":{"line":20,"column":6}},"3":{"start":{"line":24,"column":4},"end":{"line":46,"column":5}},"4":{"start":{"line":27,"column":25},"end":{"line":27,"column":48}},"5":{"start":{"line":32,"column":25},"end":{"line":32,"column":48}}},"fnMap":{"0":{"name":"(anonymous_0)","decl":{"start":{"line":8,"column":2},"end":{"line":8,"column":3}},"loc":{"start":{"line":8,"column":30},"end":{"line":12,"column":3}},"line":8},"1":{"name":"(anonymous_1)","decl":{"start":{"line":14,"column":2},"end":{"line":14,"column":3}},"loc":{"start":{"line":14,"column":11},"end":{"line":21,"column":3}},"line":14},"2":{"name":"(anonymous_2)","decl":{"start":{"line":23,"column":2},"end":{"line":23,"column":3}},"loc":{"start":{"line":23,"column":12},"end":{"line":47,"column":3}},"line":23},"3":{"name":"(anonymous_3)","decl":{"start":{"line":27,"column":19},"end":{"line":27,"column":20}},"loc":{"start":{"line":27,"column":25},"end":{"line":27,"column":48}},"line":27},"4":{"name":"(anonymous_4)","decl":{"start":{"line":32,"column":19},"end":{"line":32,"column":20}},"loc":{"start":{"line":32,"column":25},"end":{"line":32,"column":48}},"line":32}},"branchMap":{},"s":{"0":0,"1":0,"2":0,"3":0,"4":0,"5":0},"f":{"0":0,"1":0,"2":0,"3":0,"4":0},"b":{},"_coverageSchema":"332fd63041d2c1bcb487cc26dd0d5f7d97098a6c","hash":"3e8f66ffa8cfd691a363d5f1f897900243b254ad"}
,"/mnt/f/Koding/NTNU/it2810-webutvikling-h18-prosjekt-3-50/src/components/Home.js": {"path":"/mnt/f/Koding/NTNU/it2810-webutvikling-h18-prosjekt-3-50/src/components/Home.js","statementMap":{"0":{"start":{"line":14,"column":25},"end":{"line":14,"column":46}},"1":{"start":{"line":16,"column":4},"end":{"line":30,"column":5}},"2":{"start":{"line":23,"column":25},"end":{"line":23,"column":72}}},"fnMap":{"0":{"name":"(anonymous_0)","decl":{"start":{"line":13,"column":2},"end":{"line":13,"column":3}},"loc":{"start":{"line":13,"column":11},"end":{"line":31,"column":3}},"line":13},"1":{"name":"(anonymous_1)","decl":{"start":{"line":23,"column":19},"end":{"line":23,"column":20}},"loc":{"start":{"line":23,"column":25},"end":{"line":23,"column":72}},"line":23}},"branchMap":{},"s":{"0":1,"1":1,"2":0},"f":{"0":1,"1":0},"b":{},"_coverageSchema":"332fd63041d2c1bcb487cc26dd0d5f7d97098a6c","hash":"fab5acaaa61e03244a9bb4aed55d490d421b0693"}
}
