TN:
SF:/Users/Marius/Desktop/P3/it2810-webutvikling-h18-prosjekt-3-50/.eslintrc.js
FNF:0
FNH:0
DA:1,0
LF:1
LH:0
BRF:0
BRH:0
end_of_record
TN:
SF:/Users/Marius/Desktop/P3/it2810-webutvikling-h18-prosjekt-3-50/App.js
FN:17,(anonymous_0)
FN:22,(anonymous_1)
FN:31,(anonymous_2)
FNF:3
FNH:3
FNDA:1,(anonymous_0)
FNDA:1,(anonymous_1)
FNDA:2,(anonymous_2)
DA:18,1
DA:19,1
DA:24,1
DA:28,1
DA:32,2
DA:33,1
DA:35,1
DA:47,1
LF:8
LH:8
BRDA:32,0,0,1
BRDA:32,0,1,1
BRF:2
BRH:2
end_of_record
TN:
SF:/Users/Marius/Desktop/P3/it2810-webutvikling-h18-prosjekt-3-50/store.js
FNF:0
FNH:0
DA:7,1
LF:1
LH:1
BRF:0
BRH:0
end_of_record
TN:
SF:/Users/Marius/Desktop/P3/it2810-webutvikling-h18-prosjekt-3-50/actions/UserActions.js
FN:5,userAddAppointmentSynchronousAction
FNF:1
FNH:0
FNDA:0,userAddAppointmentSynchronousAction
DA:1,0
DA:5,0
DA:6,0
LF:3
LH:0
BRF:0
BRH:0
end_of_record
TN:
SF:/Users/Marius/Desktop/P3/it2810-webutvikling-h18-prosjekt-3-50/actions/index.js
FN:1,(anonymous_0)
FNF:1
FNH:0
FNDA:0,(anonymous_0)
DA:1,0
LF:1
LH:0
BRDA:1,0,0,0
BRDA:1,0,1,0
BRF:2
BRH:0
end_of_record
TN:
SF:/Users/Marius/Desktop/P3/it2810-webutvikling-h18-prosjekt-3-50/actions/types.js
FNF:0
FNH:0
DA:1,1
LF:1
LH:1
BRF:0
BRH:0
end_of_record
TN:
SF:/Users/Marius/Desktop/P3/it2810-webutvikling-h18-prosjekt-3-50/reducers/UserReducer.js
FN:29,(anonymous_0)
FN:39,(anonymous_1)
FNF:2
FNH:1
FNDA:0,(anonymous_0)
FNDA:3,(anonymous_1)
DA:5,1
DA:29,1
DA:30,0
DA:31,0
DA:40,3
DA:42,0
DA:43,0
DA:44,0
DA:45,0
DA:47,3
LF:10
LH:4
BRDA:39,0,0,3
BRDA:40,1,0,0
BRDA:40,1,1,3
BRF:3
BRH:2
end_of_record
TN:
SF:/Users/Marius/Desktop/P3/it2810-webutvikling-h18-prosjekt-3-50/reducers/index.js
FNF:0
FNH:0
LF:0
LH:0
BRF:0
BRH:0
end_of_record
TN:
SF:/Users/Marius/Desktop/P3/it2810-webutvikling-h18-prosjekt-3-50/src/testUtils.js
FN:1,findByID
FNF:1
FNH:1
FNDA:150,findByID
DA:2,150
DA:3,15
DA:5,135
DA:6,96
DA:7,96
DA:8,135
DA:9,135
DA:10,42
LF:8
LH:8
BRDA:2,0,0,15
BRDA:2,0,1,135
BRDA:2,1,0,150
BRDA:2,1,1,150
BRDA:5,2,0,96
BRDA:5,2,1,39
BRDA:5,3,0,135
BRDA:5,3,1,135
BRDA:9,4,0,42
BRDA:9,4,1,93
BRF:10
BRH:10
end_of_record
TN:
SF:/Users/Marius/Desktop/P3/it2810-webutvikling-h18-prosjekt-3-50/src/components/AddContact.js
FN:12,(anonymous_0)
FN:19,(anonymous_1)
FN:24,(anonymous_2)
FN:29,(anonymous_3)
FNF:4
FNH:0
FNDA:0,(anonymous_0)
FNDA:0,(anonymous_1)
FNDA:0,(anonymous_2)
FNDA:0,(anonymous_3)
DA:5,1
DA:13,0
DA:14,0
DA:20,0
DA:25,0
DA:31,0
LF:6
LH:1
BRF:0
BRH:0
end_of_record
TN:
SF:/Users/Marius/Desktop/P3/it2810-webutvikling-h18-prosjekt-3-50/src/components/AddExercise.js
FN:10,(anonymous_0)
FN:24,(anonymous_1)
FN:33,(anonymous_2)
FN:47,(anonymous_3)
FN:56,(anonymous_4)
FN:67,(anonymous_5)
FN:79,(anonymous_6)
FN:92,(anonymous_7)
FN:105,(anonymous_8)
FNF:9
FNH:8
FNDA:13,(anonymous_0)
FNDA:2,(anonymous_1)
FNDA:4,(anonymous_2)
FNDA:0,(anonymous_3)
FNDA:18,(anonymous_4)
FNDA:1,(anonymous_5)
FNDA:1,(anonymous_6)
FNDA:1,(anonymous_7)
FNDA:1,(anonymous_8)
DA:11,13
DA:12,13
DA:19,13
DA:20,13
DA:21,13
DA:27,2
DA:28,1
DA:29,1
DA:34,4
DA:35,4
DA:36,3
DA:37,3
DA:39,1
DA:42,0
DA:43,0
DA:48,0
DA:58,18
DA:67,1
DA:79,1
DA:92,1
DA:105,1
DA:133,2
LF:22
LH:19
BRDA:27,0,0,1
BRDA:27,0,1,1
BRDA:34,1,0,4
BRDA:34,1,1,0
BRDA:35,2,0,3
BRDA:35,2,1,1
BRDA:35,3,0,4
BRDA:35,3,1,2
BRF:8
BRH:7
end_of_record
TN:
SF:/Users/Marius/Desktop/P3/it2810-webutvikling-h18-prosjekt-3-50/src/components/CalendarView.js
FN:10,(anonymous_0)
FN:24,(anonymous_1)
FN:32,(anonymous_2)
FN:41,(anonymous_3)
FN:50,(anonymous_4)
FN:63,(anonymous_5)
FN:71,(anonymous_6)
FN:72,(anonymous_7)
FNF:8
FNH:8
FNDA:8,(anonymous_0)
FNDA:8,(anonymous_1)
FNDA:16,(anonymous_2)
FNDA:1,(anonymous_3)
FNDA:3,(anonymous_4)
FNDA:25,(anonymous_5)
FNDA:2,(anonymous_6)
FNDA:4,(anonymous_7)
DA:11,8
DA:13,8
DA:19,8
DA:20,8
DA:21,8
DA:25,8
DA:26,8
DA:34,16
DA:42,1
DA:53,3
DA:54,3
DA:56,3
DA:57,1
DA:59,2
DA:64,25
DA:66,25
DA:71,2
DA:72,4
DA:81,3
LF:19
LH:19
BRDA:56,0,0,1
BRDA:56,0,1,2
BRF:2
BRH:2
end_of_record
TN:
SF:/Users/Marius/Desktop/P3/it2810-webutvikling-h18-prosjekt-3-50/src/components/ContactList.js
FN:9,(anonymous_0)
FN:22,(anonymous_1)
FN:24,(anonymous_2)
FN:25,(anonymous_3)
FN:29,(anonymous_4)
FN:31,(anonymous_5)
FN:38,(anonymous_6)
FN:39,(anonymous_7)
FN:42,(anonymous_8)
FN:60,(anonymous_9)
FN:76,(anonymous_10)
FNF:11
FNH:10
FNDA:4,(anonymous_0)
FNDA:1,(anonymous_1)
FNDA:1,(anonymous_2)
FNDA:2,(anonymous_3)
FNDA:2,(anonymous_4)
FNDA:2,(anonymous_5)
FNDA:2,(anonymous_6)
FNDA:8,(anonymous_7)
FNDA:12,(anonymous_8)
FNDA:0,(anonymous_9)
FNDA:21,(anonymous_10)
DA:5,4
DA:10,4
DA:11,4
DA:17,4
DA:24,1
DA:25,2
DA:30,2
DA:31,2
DA:39,8
DA:49,12
DA:60,0
DA:77,21
DA:96,4
LF:13
LH:12
BRDA:30,0,0,2
BRDA:30,0,1,0
BRF:2
BRH:1
end_of_record
TN:
SF:/Users/Marius/Desktop/P3/it2810-webutvikling-h18-prosjekt-3-50/src/components/CreateSession.js
FN:17,(anonymous_0)
FN:39,(anonymous_1)
FN:47,(anonymous_2)
FN:64,(anonymous_3)
FN:78,(anonymous_4)
FN:82,(anonymous_5)
FN:86,(anonymous_6)
FN:91,(anonymous_7)
FN:116,(anonymous_8)
FNF:9
FNH:4
FNDA:8,(anonymous_0)
FNDA:2,(anonymous_1)
FNDA:4,(anonymous_2)
FNDA:0,(anonymous_3)
FNDA:0,(anonymous_4)
FNDA:0,(anonymous_5)
FNDA:0,(anonymous_6)
FNDA:10,(anonymous_7)
FNDA:0,(anonymous_8)
DA:10,3
DA:18,8
DA:20,8
DA:21,8
DA:31,8
DA:32,8
DA:34,8
DA:35,8
DA:36,8
DA:40,2
DA:43,1
DA:48,4
DA:49,3
DA:50,1
DA:51,1
DA:52,2
DA:53,1
DA:54,1
DA:56,1
DA:59,1
DA:60,1
DA:65,0
DA:79,0
DA:83,0
DA:87,0
DA:88,0
DA:92,10
DA:93,10
DA:95,10
DA:96,10
DA:105,0
DA:108,10
DA:116,0
DA:174,3
LF:34
LH:27
BRDA:20,0,0,8
BRDA:20,0,1,0
BRDA:23,1,0,0
BRDA:23,1,1,8
BRDA:40,2,0,1
BRDA:40,2,1,1
BRDA:48,3,0,3
BRDA:48,3,1,1
BRDA:49,4,0,1
BRDA:49,4,1,2
BRDA:52,5,0,1
BRDA:52,5,1,1
BRDA:95,6,0,10
BRDA:95,6,1,0
BRF:14
BRH:11
end_of_record
TN:
SF:/Users/Marius/Desktop/P3/it2810-webutvikling-h18-prosjekt-3-50/src/components/ExerciseList.js
FN:8,(anonymous_0)
FN:23,(anonymous_1)
FN:25,(anonymous_2)
FN:26,(anonymous_3)
FN:31,(anonymous_4)
FN:35,(anonymous_5)
FN:56,(anonymous_6)
FNF:7
FNH:7
FNDA:4,(anonymous_0)
FNDA:1,(anonymous_1)
FNDA:1,(anonymous_2)
FNDA:4,(anonymous_3)
FNDA:1,(anonymous_4)
FNDA:7,(anonymous_5)
FNDA:27,(anonymous_6)
DA:9,4
DA:10,4
DA:19,4
DA:25,1
DA:26,4
DA:32,1
DA:36,7
DA:57,27
DA:83,4
LF:9
LH:9
BRF:0
BRH:0
end_of_record
TN:
SF:/Users/Marius/Desktop/P3/it2810-webutvikling-h18-prosjekt-3-50/src/components/Home.js
FN:12,(anonymous_0)
FN:16,(anonymous_1)
FN:23,(anonymous_2)
FN:37,(anonymous_3)
FNF:4
FNH:2
FNDA:0,(anonymous_0)
FNDA:0,(anonymous_1)
FNDA:2,(anonymous_2)
FNDA:1,(anonymous_3)
DA:12,0
DA:16,0
DA:25,2
DA:37,1
LF:4
LH:2
BRF:0
BRH:0
end_of_record
TN:
SF:/Users/Marius/Desktop/P3/it2810-webutvikling-h18-prosjekt-3-50/src/components/PedometerSensor.js
FN:20,(anonymous_0)
FN:34,(anonymous_1)
FN:38,(anonymous_2)
FN:42,(anonymous_3)
FN:43,(anonymous_4)
FN:51,(anonymous_5)
FN:56,(anonymous_6)
FN:67,(anonymous_7)
FN:73,(anonymous_8)
FN:81,(anonymous_9)
FN:86,(anonymous_10)
FN:100,(anonymous_11)
FN:108,(anonymous_12)
FNF:13
FNH:0
FNDA:0,(anonymous_0)
FNDA:0,(anonymous_1)
FNDA:0,(anonymous_2)
FNDA:0,(anonymous_3)
FNDA:0,(anonymous_4)
FNDA:0,(anonymous_5)
FNDA:0,(anonymous_6)
FNDA:0,(anonymous_7)
FNDA:0,(anonymous_8)
FNDA:0,(anonymous_9)
FNDA:0,(anonymous_10)
FNDA:0,(anonymous_11)
FNDA:0,(anonymous_12)
DA:7,2
DA:15,2
DA:16,2
DA:21,0
DA:22,0
DA:35,0
DA:39,0
DA:43,0
DA:44,0
DA:50,0
DA:52,0
DA:57,0
DA:63,0
DA:64,0
DA:65,0
DA:66,0
DA:68,0
DA:74,0
DA:82,0
DA:83,0
DA:87,0
DA:88,0
DA:101,0
DA:109,0
DA:124,0
DA:135,2
LF:26
LH:4
BRDA:82,0,0,0
BRDA:82,0,1,0
BRDA:87,1,0,0
BRDA:87,1,1,0
BRDA:93,2,0,0
BRDA:93,2,1,0
BRF:6
BRH:0
end_of_record
TN:
SF:/Users/Marius/Desktop/P3/it2810-webutvikling-h18-prosjekt-3-50/src/components/ShowSession.js
FN:6,(anonymous_0)
FN:14,(anonymous_1)
FN:19,(anonymous_2)
FN:34,(anonymous_3)
FN:53,(anonymous_4)
FN:57,(anonymous_5)
FNF:6
FNH:6
FNDA:4,(anonymous_0)
FNDA:4,(anonymous_1)
FNDA:4,(anonymous_2)
FNDA:7,(anonymous_3)
FNDA:4,(anonymous_4)
FNDA:16,(anonymous_5)
DA:7,4
DA:9,4
DA:10,4
DA:11,4
DA:16,4
DA:21,4
DA:35,7
DA:36,7
DA:37,1
DA:38,6
DA:39,1
DA:42,5
DA:54,4
DA:55,4
DA:56,4
DA:57,16
DA:58,4
DA:60,4
LF:18
LH:18
BRDA:36,0,0,1
BRDA:36,0,1,6
BRDA:38,1,0,1
BRDA:38,1,1,5
BRF:4
BRH:4
end_of_record
TN:
SF:/Users/Marius/Desktop/P3/it2810-webutvikling-h18-prosjekt-3-50/src/components/Stats.js
FN:7,(anonymous_0)
FN:20,(anonymous_1)
FN:32,(anonymous_2)
FN:54,(anonymous_3)
FN:80,(anonymous_4)
FNF:5
FNH:0
FNDA:0,(anonymous_0)
FNDA:0,(anonymous_1)
FNDA:0,(anonymous_2)
FNDA:0,(anonymous_3)
FNDA:0,(anonymous_4)
DA:7,1
DA:8,0
DA:21,0
DA:22,0
DA:33,0
DA:34,0
DA:35,0
DA:36,0
DA:37,0
DA:38,0
DA:39,0
DA:54,0
DA:80,0
LF:13
LH:1
BRDA:47,0,0,0
BRDA:47,0,1,0
BRDA:80,1,0,0
BRDA:80,1,1,0
BRF:4
BRH:0
end_of_record
