TN:
SF:/mnt/f/Koding/NTNU/it2810-webutvikling-h18-prosjekt-3-50/App.js
FNF:0
FNH:0
DA:1,0
DA:2,0
DA:3,0
DA:4,0
DA:5,0
DA:7,0
DA:8,0
DA:9,0
DA:10,0
DA:12,0
DA:13,0
DA:14,0
DA:16,0
DA:23,0
DA:27,0
DA:39,0
LF:16
LH:0
BRF:0
BRH:0
end_of_record
TN:
SF:/mnt/f/Koding/NTNU/it2810-webutvikling-h18-prosjekt-3-50/store.js
FNF:0
FNH:0
DA:4,0
DA:5,0
DA:7,0
LF:3
LH:0
BRF:0
BRH:0
end_of_record
TN:
SF:/mnt/f/Koding/NTNU/it2810-webutvikling-h18-prosjekt-3-50/actions/UserActions.js
FN:5,userAddAppointmentSynchronousAction
FNF:1
FNH:0
FNDA:0,userAddAppointmentSynchronousAction
DA:1,0
DA:5,0
DA:6,0
LF:3
LH:0
BRF:0
BRH:0
end_of_record
TN:
SF:/mnt/f/Koding/NTNU/it2810-webutvikling-h18-prosjekt-3-50/actions/index.js
FN:1,(anonymous_0)
FNF:1
FNH:0
FNDA:0,(anonymous_0)
DA:1,0
LF:1
LH:0
BRDA:1,0,0,0
BRDA:1,0,1,0
BRF:2
BRH:0
end_of_record
TN:
SF:/mnt/f/Koding/NTNU/it2810-webutvikling-h18-prosjekt-3-50/actions/types.js
FNF:0
FNH:0
DA:1,0
LF:1
LH:0
BRF:0
BRH:0
end_of_record
TN:
SF:/mnt/f/Koding/NTNU/it2810-webutvikling-h18-prosjekt-3-50/reducers/UserReducer.js
FN:29,createNewAppointment
FNF:1
FNH:0
FNDA:0,createNewAppointment
DA:1,0
DA:5,0
DA:29,0
DA:30,0
DA:31,0
DA:39,0
DA:40,0
DA:41,0
DA:42,0
DA:43,0
DA:44,0
DA:45,0
DA:47,0
LF:13
LH:0
BRDA:39,0,0,0
BRDA:39,0,1,0
BRDA:39,1,0,0
BRDA:39,1,1,0
BRDA:41,2,0,0
BRDA:41,2,1,0
BRF:6
BRH:0
end_of_record
TN:
SF:/mnt/f/Koding/NTNU/it2810-webutvikling-h18-prosjekt-3-50/reducers/index.js
FNF:0
FNH:0
DA:1,0
DA:2,0
LF:2
LH:0
BRF:0
BRH:0
end_of_record
TN:
SF:/mnt/f/Koding/NTNU/it2810-webutvikling-h18-prosjekt-3-50/src/components/AddExercise.js
FN:10,AddExercise
FN:66,onChangeText
FN:86,onChangeText
FN:101,onChangeText
FN:117,onChangeText
FNF:5
FNH:0
FNDA:0,AddExercise
FNDA:0,onChangeText
FNDA:0,onChangeText
FNDA:0,onChangeText
FNDA:0,onChangeText
DA:1,0
DA:2,0
DA:3,0
DA:10,0
DA:12,0
DA:19,0
DA:20,0
DA:21,0
DA:27,0
DA:28,0
DA:34,0
DA:35,0
DA:36,0
DA:37,0
DA:39,0
DA:40,0
DA:43,0
DA:44,0
DA:50,0
DA:57,0
DA:59,0
DA:66,0
DA:86,0
DA:101,0
DA:117,0
DA:143,0
LF:26
LH:0
BRDA:10,0,0,0
BRDA:10,0,1,0
BRDA:27,1,0,0
BRDA:27,1,1,0
BRDA:34,2,0,0
BRDA:34,2,1,0
BRDA:35,3,0,0
BRDA:35,3,1,0
BRDA:35,4,0,0
BRDA:35,4,1,0
BRF:10
BRH:0
end_of_record
TN:
SF:/mnt/f/Koding/NTNU/it2810-webutvikling-h18-prosjekt-3-50/src/components/CalendarView.js
FN:23,onDayLongPress
FNF:1
FNH:0
FNDA:0,onDayLongPress
DA:1,0
DA:2,0
DA:3,0
DA:7,0
DA:11,0
DA:15,0
DA:16,0
DA:17,0
DA:19,0
DA:23,0
LF:10
LH:0
BRF:0
BRH:0
end_of_record
TN:
SF:/mnt/f/Koding/NTNU/it2810-webutvikling-h18-prosjekt-3-50/src/components/ContactList.js
FN:9,ContactList
FN:27,(anonymous_12)
FN:28,(anonymous_13)
FN:34,(anonymous_15)
FN:42,(anonymous_17)
FN:65,renderRow
FNF:6
FNH:0
FNDA:0,ContactList
FNDA:0,(anonymous_12)
FNDA:0,(anonymous_13)
FNDA:0,(anonymous_15)
FNDA:0,(anonymous_17)
FNDA:0,renderRow
DA:1,0
DA:2,0
DA:3,0
DA:5,0
DA:9,0
DA:11,0
DA:16,0
DA:17,0
DA:22,0
DA:27,0
DA:28,0
DA:33,0
DA:34,0
DA:41,0
DA:42,0
DA:45,0
DA:46,0
DA:50,0
DA:51,0
DA:54,0
DA:65,0
LF:21
LH:0
BRDA:9,0,0,0
BRDA:9,0,1,0
BRDA:33,1,0,0
BRDA:33,1,1,0
BRDA:50,2,0,0
BRDA:50,2,1,0
BRF:6
BRH:0
end_of_record
TN:
SF:/mnt/f/Koding/NTNU/it2810-webutvikling-h18-prosjekt-3-50/src/components/CreateSession.js
FN:18,CreateSession
FN:86,onChangeText
FN:96,onDateChange
FNF:3
FNH:0
FNDA:0,CreateSession
FNDA:0,onChangeText
FNDA:0,onDateChange
DA:1,0
DA:2,0
DA:4,0
DA:6,0
DA:7,0
DA:8,0
DA:9,0
DA:11,0
DA:18,0
DA:20,0
DA:28,0
DA:29,0
DA:30,0
DA:34,0
DA:38,0
DA:41,0
DA:46,0
DA:47,0
DA:48,0
DA:49,0
DA:51,0
DA:52,0
DA:53,0
DA:55,0
DA:59,0
DA:60,0
DA:65,0
DA:77,0
DA:78,0
DA:80,0
DA:86,0
DA:96,0
DA:123,0
LF:33
LH:0
BRDA:18,0,0,0
BRDA:18,0,1,0
BRDA:38,1,0,0
BRDA:38,1,1,0
BRDA:46,2,0,0
BRDA:46,2,1,0
BRDA:47,3,0,0
BRDA:47,3,1,0
BRDA:51,4,0,0
BRDA:51,4,1,0
BRF:10
BRH:0
end_of_record
TN:
SF:/mnt/f/Koding/NTNU/it2810-webutvikling-h18-prosjekt-3-50/src/components/ExerciseList.js
FN:8,(anonymous_0)
FN:21,(anonymous_1)
FN:30,(anonymous_2)
FN:34,(anonymous_3)
FN:54,(anonymous_4)
FNF:5
FNH:2
FNDA:3,(anonymous_0)
FNDA:0,(anonymous_1)
FNDA:0,(anonymous_2)
FNDA:4,(anonymous_3)
FNDA:0,(anonymous_4)
DA:9,3
DA:10,3
DA:23,0
DA:36,4
DA:55,0
LF:5
LH:3
BRF:0
BRH:0
end_of_record
TN:
SF:/mnt/f/Koding/NTNU/it2810-webutvikling-h18-prosjekt-3-50/src/components/ExerciseListEl.js
FN:8,ExerciseListEl
FN:27,onPress
FN:32,onPress
FNF:3
FNH:0
FNDA:0,ExerciseListEl
FNDA:0,onPress
FNDA:0,onPress
DA:1,0
DA:2,0
DA:4,0
DA:8,0
DA:11,0
DA:16,0
DA:24,0
DA:27,0
DA:32,0
LF:9
LH:0
BRDA:8,0,0,0
BRDA:8,0,1,0
BRF:2
BRH:0
end_of_record
TN:
SF:/mnt/f/Koding/NTNU/it2810-webutvikling-h18-prosjekt-3-50/src/components/Home.js
FN:23,onPress
FNF:1
FNH:0
FNDA:0,onPress
DA:1,0
DA:3,0
DA:4,0
DA:6,0
DA:13,0
DA:14,0
DA:16,0
DA:23,0
LF:8
LH:0
BRF:0
BRH:0
end_of_record
